9 180 234 168 87 246 171 232 253 280
9 216 167 33 4 58 38 128 114 240
7 249 179 88 56 267 295 250
8 85 36 275 286 225 166 236 104
2 0 132
8 296 221 116 8 74 277 86 292
6 75 54 134 285 185 31
6 259 80 144 53 258 120
8 7 65 41 13 125 172 147 143
7 203 164 210 18 230 243 252
8 294 34 103 193 105 245 109 66
8 148 108 110 161 187 29 22 297
7 133 184 62 263 188 191 141
6 127 99 159 63 158 238
7 260 72 220 198 14 287 183
6 136 212 200 40 25 9
6 95 162 261 28 190 194
7 227 299 107 44 102 235 123
5 218 276 96 197 186
5 15 150 32 195 288
6 273 92 19 254 291 165
3 213 11 251
6 290 24 137 226 298 126
5 60 57 64 138 130
4 79 284 269 1
5 156 113 202 139 211
4 129 91 122 83
3 21 239 16
3 39 268 255
4 224 222 76 270
3 282 131 274
3 281 26 181
3 174 117 100
3 241 90 69
3 244 70 178
3 204 118 49
3 217 119 52
3 214 23 97
2 271 43
3 157 45 257
3 146 42 84
3 121 81 169
2 50 219
3 68 35 2
2 111 51
2 89 262
3 82 124 149
2 207 289
2 3 199
2 27 264
2 209 20
2 170 67
2 73 231
2 160 17
2 163 145
2 177 142
2 61 115
2 48 135
2 237 47
2 6 229
2 140 279
2 10 151
2 283 46
2 101 293
2 93 37
2 5 77
1 205
2 201 153
2 98 175
2 248 247
1 223
1 112
1 155
1 265
1 242
1 106
1 12
1 78
1 55
1 266
1 152
1 182
1 196
1 192
1 59
1 176
1 71
1 154
1 215
1 30
1 228
1 256
1 94
1 272
1 233
1 206
1 189
1 208
1 278
1 173