45 370 5880 5628 5246 6009 6316 3491 3355 4656 2022 4115 4194 9693 6922 2303 1156 5499 3638 5360 3788 9425 5756 1600 1474 5768 7963 2664 2111 3886 252 2019 4725 9592 6485 8513 6407 9046 2221 8822 9009 4613 6858 5822 3899 42
47 7329 7446 8021 3366 3311 9758 9173 6450 2857 5231 7926 2108 1318 9134 7911 5989 8463 4714 8338 4698 7252 4262 9654 8105 9 9550 4641 3864 8444 3852 280 3070 7534 9650 7840 8731 9787 8581 5846 5362 5512 395 493 1953 7080 7034 76
45 6896 7135 5193 1281 8617 1608 2854 550 8833 842 6496 2554 4742 7251 2123 5568 7827 9349 6802 7347 3076 4719 7283 3599 5128 1816 3364 4908 189 6058 5863 244 5307 5030 3842 6704 1956 1372 9187 6387 6193 7610 1603 5164 80
48 1247 2296 7952 5833 906 9324 134 4994 2891 9617 4842 2491 8287 3426 7010 8965 9498 2199 3382 5766 169 4170 2162 6566 703 2568 5237 839 5103 7079 9432 6068 8146 3651 5097 3234 7872 8167 9675 7083 6310 2998 8158 1311 7759 8382 7859 64
46 3545 87 9615 4360 6551 4181 4681 999 359 1139 9625 9528 2650 635 3131 7801 7051 6647 5111 7936 6880 4226 7098 1274 2116 6588 669 3698 7947 5279 5405 5358 2076 7574 8767 6993 2957 6208 6441 5942 7889 4425 6448 725 9172 39
44 9689 6379 2213 1105 7409 2974 3476 5000 2773 921 3162 4716 6378 8230 534 400 6516 1673 1074 9286 587 3883 3199 2456 4708 1941 525 270 2911 9808 5859 2790 8196 386 6723 3111 2126 4919 1599 849 6327 3023 4766 36
47 9199 572 2652 8251 517 9577 3594 2904 8575 1209 2683 9771 2784 4713 9713 1095 5247 4761 7182 5549 4062 6790 5694 6998 5552 2252 1180 7592 2556 5543 8532 9300 237 4020 3961 5166 5098 5296 9788 3583 1566 7721 4274 8294 9368 6487 86
44 8100 814 6385 423 8043 8232 3729 7009 7763 4692 2544 3082 1381 7116 156 7338 2895 1747 4608 2454 4963 9786 1070 5983 2090 4701 8500 9601 768 3379 8452 7172 4335 1319 1278 7856 1420 8310 3473 7263 5334 7043 3648 111
45 9835 9193 3794 747 8106 1214 6181 1140 8993 316 2435 4212 4784 6542 5026 3206 1943 879 3634 4811 1402 1536 6212 371 1883 2073 790 7638 5698 6695 4581 9857 812 787 6663 4829 1719 2029 1773 3516 5940 8918 636 8667 4
45 2048 1634 7203 8366 7522 9803 7100 6498 6233 8590 5531 9174 4930 8234 4322 1839 2219 9055 1493 133 9233 3940 9698 1846 7966 9095 6674 7199 5438 8626 2964 2526 4227 3588 9030 581 7937 6831 860 3860 659 143 988 6059 110
50 4733 9681 1759 2638 9064 2933 5203 4596 2604 6784 508 8844 3835 249 284 2626 311 9463 5913 4539 4867 4594 8565 2896 1664 6789 5229 8067 478 4110 7419 1049 4173 5064 1811 367 7798 6821 8670 5418 2557 104 4709 8282 936 553 7341 2094 7264 103
42 8521 9435 7784 8817 4198 9948 1876 3546 2702 5600 3872 2001 6228 9223 4774 291 608 9073 6401 9251 1133 89 4754 424 7775 297 3643 9494 1160 744 9121 2225 3238 9478 4769 7372 5992 6354 8323 697 3478 26
43 7479 595 1312 6365 358 7597 4502 1054 6074 3019 7547 9759 199 2489 6968 4118 8541 1558 9050 977 166 8348 2727 1819 4323 698 4315 1718 2152 3687 6521 2625 9642 9002 3900 8564 8516 6830 905 4593 4154 9507 73
48 2492 4529 4026 4381 3273 6003 9856 376 6514 3488 2194 3757 8605 5617 6431 449 5469 9380 2571 114 4635 8341 5261 5171 4426 2758 2137 930 2533 7679 6804 5343 7340 3018 3985 1713 229 132 1693 2300 7277 5997 3655 4394 8272 2043 9238 45
46 975 7694 3556 2532 8941 7148 1707 8205 180 9205 1170 7082 2963 6899 7785 1741 6960 2058 8215 9673 8934 2770 5936 8123 5152 8169 6733 9636 8518 3848 6108 4049 8274 9880 8726 2771 8743 609 8583 5902 7410 4320 1023 4397 3631 15
48 7278 7066 3139 537 1775 1081 1035 8559 6022 2157 8383 9184 9739 4172 6369 3604 1453 7566 9052 7211 1165 741 1219 3718 9391 5134 3360 1723 8081 9637 5157 3225 266 4086 476 8856 4605 6652 8886 7129 6013 3058 3684 3314 1736 692 7612 6
46 5207 863 5445 2175 5580 5799 3012 4738 9727 8126 8988 5950 2007 6731 4131 8174 9696 1447 5591 4419 7396 8926 959 9132 4058 7391 1893 2572 4770 3859 4858 7737 6571 1834 9939 9606 780 5196 6787 5797 1002 9403 2781 1807 3348 54
51 5003 3815 4398 3121 1537 5594 2757 5886 9268 7055 7141 1148 7291 6248 2940 9993 3102 6321 5428 7581 6715 1898 9864 4326 6356 2715 2309 7336 8851 6263 2809 1262 1124 9379 676 8028 7779 6950 9537 2247 2850 6313 1714 6434 6132 7640 2220 6721 5873 1433 25
46 8671 1635 6066 6530 1681 5126 9582 6333 516 8530 6295 4637 5839 5442 8362 1193 4031 2148 5338 2185 8192 855 1929 5240 2006 7931 4076 3189 3156 4060 2736 5729 3193 4402 8660 1729 9344 3585 7308 1088 2198 6497 4683 5306 8855 21
48 9040 5986 2088 4514 6563 399 443 2284 1981 8944 7967 3882 851 9953 4254 7355 9614 721 4362 2959 9281 2587 3231 3241 292 1521 2705 8724 434 7086 6888 8800 47 8250 7598 6667 3891 6484 6292 9471 7740 8093 5402 4321 9429 3088 7287 24
44 574 4672 9000 5426 8697 1157 9269 2892 2586 4731 7247 5715 4862 2412 2272 4705 9005 2825 2616 8570 7855 1033 9674 2064 3647 2197 6406 4574 3267 5547 8647 5049 7611 8802 7713 4775 5826 8825 507 3617 5891 7084 750 97
48 336 6373 3248 227 467 7727 6392 4034 4551 4457 7613 3774 8259 6183 838 5078 1642 633 6093 1848 7452 1412 4390 7332 7368 6035 2811 9567 2921 5106 2227 2241 4537 7201 5163 3616 5315 9301 8460 7579 6302 59 9138 8762 7530 9153 6885 68
51 8363 1629 3067 7899 3793 7498 2082 9546 7749 8039 5050 6689 9805 7025 7239 1745 6897 421 8384 3894 8869 2059 5960 6920 3176 2651 914 2863 368 2095 1554 1425 7633 78 2796 9644 4185 6941 9712 3467 7382 2576 7487 2642 6483 4614 770 6726 6225 3323 99
49 5439 8053 1610 128 5333 2477 5789 6607 7656 2324 6703 8240 9921 4433 38 3145 925 5148 4853 9453 8991 2494 2499 4247 6080 9464 9596 8059 9526 2890 8024 5205 6895 8677 4584 8065 494 1041 7163 8109 7970 5609 6466 3408 1040 1434 7816 5674 102
48 8011 3261 6470 2013 5616 6545 9011 1861 670 8271 576 9291 8032 354 4877 12 7934 2509 8403 7390 2947 9192 4187 4985 6722 2075 8029 3228 6554 4152 2400 1013 8578 7286 7823 5811 5933 6929 7539 7138 6052 1384 2747 2484 200 8088 7503 93
46 1954 2421 9704 2865 1006 5821 50 4980 4797 5451 8041 706 6099 1632 1287 1781 1972 7847 4473 8805 1315 9813 8710 2265 98 4876 4536 3895 4236 4902 4961 8620 861 2980 3307 6982 3253 871 4550 8331 5753 5939 1786 6660 6306 30
46 631 7554 1601 3017 1435 880 8257 2253 7379 4532 9926 5919 7538 3002 9032 6075 3932 9935 2761 2071 9888 4657 328 1405 1940 4158 1279 6743 7985 7 7888 2987 8314 8948 5762 1192 976 3628 1297 1481 7938 4375 1199 8779 3486 112
49 1523 9967 760 6398 2308 2035 4548 2845 3758 2024 7197 3134 3130 4602 3031 6458 5749 5572 2732 6492 3375 1553 3573 9456 6622 8850 720 2547 5621 7738 8588 892 8466 6159 7183 738 8092 5174 8057 8135 8142 7520 991 9499 8755 5735 320 9309 71
50 4476 5598 1583 7266 2760 6994 8943 8096 7924 2686 3065 1586 9517 2561 468 1726 3196 172 4466 131 9182 8792 2074 8101 8410 438 1290 9083 2813 9705 432 2483 1031 7637 5434 7015 3565 1909 4528 4882 3038 9077 9159 6780 8080 420 6991 4611 2563 55
48 630 1625 4575 6923 3435 4151 5300 7586 7928 5326 8102 4526 8329 5295 8381 5475 3098 3677 5216 6454 8424 5189 4079 4968 2637 7906 6582 3063 2580 8894 4369 2789 9424 1317 5739 2681 8470 3000 7509 238 7557 8874 8688 5321 3259 8244 6544 29
49 6436 8107 696 4588 7238 9106 7323 3276 7991 9285 6090 147 7649 6936 5925 9033 185 6188 5057 9521 4257 6811 5422 2830 9934 4873 6241 2552 2694 9186 5770 6162 8801 5344 5265 2374 3354 7262 91 213 3699 8863 6675 4625 2601 5995 7573 9898 31
43 1360 9155 9115 9017 6371 524 3797 3469 8681 9504 3062 2979 9957 2431 5595 9128 8497 5037 4167 7943 1468 6801 1363 6218 4068 1087 5741 6655 9282 6064 522 5293 3582 3567 3173 1196 5332 3627 7018 5143 6061 3934 8
45 2578 5192 2836 8687 360 4015 7130 1066 7795 4456 8956 8349 4162 53 6167 4525 7156 4909 1022 1399 4270 4412 9069 3094 9027 9777 2970 6116 6699 6094 9946 8655 2165 1086 5066 5025 4931 9753 4825 3325 678 4658 2806 5606 13
45 7258 3226 6300 3857 3434 9719 7121 6261 5455 4921 3284 9094 5502 7725 1421 7346 8265 8465 2595 353 2972 552 5305 5599 2203 6817 6569 269 6038 5280 3451 2008 2131 2922 7085 4533 9679 9532 2657 215 2083 466 7548 9697 65
49 85 8599 4872 2042 7462 8884 232 2794 70 1198 5733 992 3297 891 1620 3494 44 2200 3168 6765 6827 5903 4291 9764 2434 1851 6865 3777 7127 7054 8078 9066 6043 8864 3579 7395 7158 9515 1265 3755 5746 7653 7529 2326 8419 1396 6971 8916 61
44 940 4130 3028 7146 9768 6775 6426 361 6057 6473 6548 5223 1511 575 5585 9079 783 2333 8814 4075 9122 8343 4859 5802 3669 3800 6482 9239 6777 2409 6041 2716 5392 2051 5357 8317 6348 4564 58 4911 3041 2231 8799 5
44 6755 1541 7813 699 8293 6402 4782 1705 7569 4805 5515 9789 5847 6797 6720 1059 5726 9706 7388 3702 7458 5467 2102 4851 8297 5125 1798 9873 6515 2349 4237 6799 3442 888 3749 1515 6916 9488 1689 3688 335 6592 7302 90
47 7499 3701 3164 3479 9964 1971 8542 3880 3190 3547 8972 4669 4059 130 1919 5851 4396 1606 764 9718 1134 7953 3744 2861 2329 8286 9427 9611 5190 637 3194 6701 2340 3771 2749 9761 5038 6822 6098 9731 8870 345 308 2934 8746 3271 62
49 6644 390 3203 1411 7771 4785 2969 3346 9910 5636 1576 8042 4225 2678 5297 7672 1818 7354 9538 9025 3188 7178 8162 5069 1355 5581 9886 624 1645 2128 7212 2439 63 6906 3770 3026 8771 6509 4177 7993 1973 5365 6127 8248 5812 2971 6724 9085 35
47 1147 5670 7481 3778 2478 418 9472 3673 4812 1366 6986 9257 4900 4242 4070 4863 1830 3963 9208 3447 2140 9558 945 8296 1187 985 7165 2750 2342 8415 413 2735 4192 9852 1884 8355 3578 6461 2356 6386 3691 4235 4319 8666 5282 7832 11
50 1886 5399 6751 101 9338 6117 9299 9717 261 2803 774 3664 8408 246 2639 4063 8048 9437 4202 167 9326 7204 138 1129 1658 1241 4005 3658 4022 222 6065 682 2410 6628 1896 642 7913 9609 6900 1618 3385 3602 4248 9021 897 2261 4246 3472 1950 0
44 4372 8507 2717 2923 7830 6320 6016 2178 4585 1026 4631 8787 2777 3653 983 1269 471 7105 5082 979 9647 9058 6465 4318 1455 970 6560 5444 7194 6735 511 7270 4332 7977 5353 4940 4582 9493 2274 4795 8962 1017 7804 113
47 1345 4376 3440 9607 9969 243 8288 3875 2649 2707 1825 9779 6363 8716 5219 7512 303 2951 2295 6109 1227 2712 4462 824 8003 7583 2986 2536 9547 9265 9497 2634 3301 4513 8560 8937 3373 9760 5858 1835 3809 9851 6395 4406 6495 1644 84
47 5472 3141 9059 4928 5034 1934 663 731 3377 1887 5198 4370 8270 7220 6251 5145 6254 8717 9586 2363 5994 4667 5114 873 3403 4453 8456 2720 7198 7833 4609 2417 5900 5559 2942 8386 1964 6624 3654 709 2292 950 9220 7700 8045 4374 74
48 7747 5155 3834 1461 9867 5773 8180 854 4638 5961 2271 302 3490 8431 973 1309 8400 8596 3540 1776 6719 1099 8340 3974 6914 2944 3743 4351 4992 882 7088 4700 1327 3275 3998 8247 2837 6114 9426 3333 5554 5785 9216 910 1962 9825 1302 60
46 155 7411 49 5440 1441 7675 1905 8012 2355 8477 5071 4935 6587 4126 9451 6421 2525 8010 5704 5934 6639 9322 8372 4534 2958 1572 4352 293 1662 6605 2888 2679 3146 966 7359 3475 8061 8145 3769 9397 7031 105 8703 3 1467 19
45 3692 2516 2039 5835 9818 5745 9068 9345 234 3787 2741 8394 736 8505 6835 6656 4972 3511 8256 6581 202 7305 4628 2433 3320 7695 1019 8909 3200 7011 6874 9120 2762 9008 1109 4871 5879 2343 2978 3703 8990 3040 8725 4662 94
45 9780 923 7224 3849 8233 1183 1 8911 982 9097 793 6048 1918 2254 2307 7842 4566 9511 342 6471 1574 4603 4301 4424 9531 4359 8027 1889 2956 7244 8084 2416 3401 6400 5818 8616 5206 5077 2752 1159 6298 7249 412 6086 17
47 7389 6071 9175 7513 3386 3917 258 9218 437 2003 588 7093 6113 2310 1944 2 548 8014 9373 4393 5215 4385 931 2033 7126 7615 8020 6757 8867 1368 2737 9001 1203 1374 737 7542 9563 1703 2160 1194 558 9323 6008 290 4286 7990 52
46 1249 6579 4479 3727 5685 2847 7024 6643 3821 580 427 7374 7886 5329 300 2906 4413 3183 4209 2710 4342 3612 2517 4033 7060 6411 526 8435 4735 8769 3129 9342 4553 9600 6698 896 7609 5643 4459 3329 1371 3613 3618 5705 1448 37
44 5186 7669 2447 8674 6143 6883 1404 2411 8999 3694 7181 8552 5401 5684 7028 1757 2077 1034 2774 357 5716 9928 912 8049 5234 9799 3830 9670 2280 9631 9014 5605 2973 8438 3695 3069 1985 4420 1654 2380 3568 8592 22 79
45 710 5429 1158 1229 7046 1482 9466 2150 8901 7576 6995 6969 5346 5757 3394 5443 4927 3841 4190 7756 9854 3178 4629 5403 2242 3407 6121 2766 4983 8548 8794 3163 3926 7708 321 6191 2275 3828 1488 503 5623 2369 6838 4679 92
53 2636 5065 1030 9071 527 9107 7505 5337 4176 7235 5871 3396 4078 6357 1626 1829 3001 1114 9996 8493 9288 5883 5527 3660 7225 8729 150 1733 9578 5681 3552 1228 8131 2500 6977 5266 5144 5251 6462 5695 8915 483 6740 4777 500 6524 4218 1479 401 9505 3182 644 77
49 9274 9978 7846 1836 8830 346 8218 597 4577 3464 1222 2281 8721 9968 1731 8511 9018 3075 651 2787 7269 6650 2161 5371 1871 5112 6457 7862 7095 835 4816 6276 4559 2249 4970 4833 5017 1044 7234 694 193 2036 1685 5640 8572 6303 1039 1864 57
45 852 3452 9502 3714 6124 5135 5524 6037 5944 6277 3765 1463 4205 9232 6046 4568 7600 2014 4299 4995 5352 1038 9792 1291 7500 869 314 5394 9481 2402 1548 7697 4996 2068 3454 3968 2297 3991 4627 178 8550 6164 5817 7791 95
45 7973 8079 2215 2925 6033 3681 6142 8900 7200 8229 1860 9135 2817 7453 1177 6383 8719 7068 7879 3025 7074 3792 7745 8531 4345 4793 4746 1153 6063 7063 6409 7004 4146 9620 2658 5432 5988 7912 9784 9682 2377 732 419 5052 106
46 8404 1091 5850 5737 8176 4007 3214 1073 740 7893 1612 9855 6600 1375 539 3649 6439 8051 5668 6842 5914 769 3818 6931 8624 2394 8370 889 4951 6562 7685 4267 9595 2841 3210 7972 559 8483 2742 8673 2869 6648 6513 8069 7644 117
47 6119 9004 3224 9869 7844 8665 3562 610 4645 4668 8798 933 3034 1476 4736 6742 6112 7059 7532 6478 5820 479 377 4891 8785 6017 8050 9276 1202 9668 6793 9998 5335 7732 541 8339 4704 6855 3415 7869 9384 7003 1000 5759 3722 1908 18
47 7766 2336 8298 7360 3897 7873 2104 7352 2996 4820 5256 2468 6237 5132 3530 9318 2155 6429 2585 201 9061 6864 6739 7751 9663 7605 108 6766 7007 9752 9433 2581 8752 4505 3080 1277 3949 8098 6144 7020 8389 5909 9162 3878 5093 9003 43
46 4821 2550 2476 5781 435 8936 9690 1590 2089 426 9337 9740 745 4889 7614 7157 8425 3721 6234 1831 5483 348 5570 8445 2315 5480 6152 8958 2214 275 4469 3417 8226 3918 661 4256 1668 895 8276 9140 1098 7142 9664 5649 2763 33
46 1010 1077 96 4200 960 4993 3117 6590 9194 5272 5153 8121 3742 5583 5868 8097 9897 8498 4196 5977 3064 4654 3497 5546 9246 2672 339 8832 5658 2258 1406 410 4486 4850 4880 8391 8264 5632 3390 9250 4440 1969 2647 1118 1051 28
47 1137 3243 9035 6814 7902 6438 7507 9407 8009 5308 8696 1738 1930 4016 8866 7223 6040 2610 1027 2840 4032 4387 3873 9575 6528 2879 8976 4918 9894 7429 6067 1225 7366 447 4752 8983 6808 145 6636 4144 2985 4253 5407 8610 2466 5199 56
50 9686 470 5798 1028 9051 1810 4924 874 8214 1949 3748 7014 4969 9321 3509 5085 1695 366 6759 829 4788 8258 7817 3132 8263 7445 8907 2070 2167 4847 307 3768 6223 3120 4767 8186 957 8064 6475 7218 1383 1337 5920 2285 6355 242 5518 876 4560 72
46 2405 6163 7692 8077 4906 5615 1003 4213 5840 3850 2290 816 4856 6324 2176 3912 116 7606 7651 2518 6120 4621 4258 758 8342 7444 6168 8235 8133 4870 9214 570 5023 2105 2691 2359 7655 8122 1438 2305 1197 5158 6039 6229 1058 100
47 3869 4017 6813 3856 5607 894 625 4489 6294 259 2885 3353 6230 1466 9253 2026 3227 8627 7764 6891 5239 4014 3533 8462 5479 8193 5807 7870 1354 6311 2360 2916 4799 8085 1123 3056 7863 3119 2119 9828 4357 775 5179 9661 8212 1512 48
45 240 7383 6264 3099 6577 5044 1809 1048 9548 4042 2461 6761 4758 8015 3303 3050 8211 1621 9258 5538 4203 9366 3345 6227 170 7289 1495 1974 2607 1975 1980 6785 2046 4771 2017 8062 2118 6984 2060 3836 2192 6010 6595 951 66
44 7254 1379 9829 4465 6629 7000 8804 6664 7319 458 1248 6166 2676 8112 8094 2594 206 9165 7186 3564 9924 4455 41 256 5582 3051 5803 3772 152 8925 8796 4986 8285 8803 1014 8773 2848 7175 5287 9070 3089 2646 3428 118
49 4400 9724 8388 3871 993 5284 826 7677 4287 6244 2919 3474 7331 4217 9542 4045 7752 5526 8793 7787 4839 120 1064 771 2084 4966 6102 7668 6697 4309 6985 6875 7736 2643 9141 8187 3096 472 6909 8924 6206 1907 3427 8152 6964 8005 7618 8865 119
46 8254 8429 990 1076 9307 6012 7715 5091 8526 7974 7418 4524 1042 1895 2386 3339 714 2030 1694 2362 221 2283 4378 4531 7670 6974 452 713 3016 549 1967 8307 1963 9479 1347 1789 3048 8903 6857 8023 6519 4722 171 568 7533 40
48 9518 6847 3726 5947 1960 819 1591 6540 6898 8266 6453 8949 5946 2443 9900 250 9622 2080 1516 4123 4750 997 2049 7941 3645 7998 9468 942 190 2354 9041 1888 7228 6459 4907 3560 1682 1245 1295 5603 5930 996 8676 7660 6989 1796 7635 81
45 4229 1546 4818 8720 9072 727 394 7297 2449 5244 5893 5136 9450 7501 6494 9145 7460 3534 5650 1339 8657 2133 4520 1475 1392 4660 3589 8117 136 1111 5275 2739 7896 2670 8942 4547 7405 3052 533 8650 5061 4619 8955 496 23
45 5497 6158 3812 1125 165 4934 6972 5968 4452 6210 5068 4509 4755 5633 8171 4495 6934 4041 2805 4382 9359 4135 3525 9444 8862 5945 5954 8840 7551 9593 7553 1767 9845 6194 34 3336 9461 5288 8737 7404 2685 3309 9757 9421 27
45 1460 2106 8922 4442 3003 565 926 210 3060 6756 1413 6393 9139 1293 5486 6467 6641 4094 6337 7580 2875 5810 7854 2902 6597 4051 107 4220 7236 441 5130 2429 4311 4561 9936 4179 9837 667 5046 1806 9248 7113 4521 474 75
46 7706 9099 1631 1982 7378 798 583 8423 6245 4271 7617 1458 4781 980 6403 1794 3100 6364 5550 1998 9430 2976 1487 794 9260 7646 561 8728 5465 9381 7885 3296 1877 772 8604 4832 3559 9489 9798 7164 137 5708 2132 4843 8727 14
46 6686 640 3083 4943 1342 8409 2690 1304 5156 1393 5772 141 2277 4307 4956 8491 5233 67 32 9279 6202 5087 4831 6265 8611 260 5874 5236 9317 4273 5574 4358 5142 356 9581 7149 5318 9420 109 8019 2994 3904 7189 3898 6887 51
45 9954 6796 5376 3838 563 7778 2870 6767 545 4175 6747 4098 1377 9589 2081 3611 2708 4522 7447 7624 2404 4640 7431 7607 3959 6375 5901 916 313 8906 4945 1401 7333 9195 6051 2338 4461 4984 9203 4855 3889 4630 4067 8852 10
50 4622 6390 1916 9543 8324 9743 1567 5754 5447 3264 7213 8584 9519 7528 8544 2718 3741 2542 1873 4182 3073 7818 5895 2463 4138 3429 8520 3595 2436 3935 1897 1674 5063 5993 7118 4815 6290 6352 7731 276 5665 2725 1613 7435 2177 4276 6213 1472 8888 115
45 5314 9386 1823 3884 196 2011 2535 299 3159 5470 2824 3251 7210 6186 398 6884 9474 7780 5162 5626 9997 702 9520 828 886 5861 2101 7857 7710 4666 6126 7634 4661 2949 8433 7053 4597 5718 7206 5185 9988 755 4148 6611 46
46 779 3503 8375 6826 9887 6630 1533 5230 5748 4515 9400 8374 6583 4411 2504 5474 489 9190 6893 473 1117 937 9509 847 9460 9893 1149 4279 5255 16 4905 2453 4721 593 248 6412 9289 4211 1326 899 207 1216 7035 3676 6791 82
46 7030 9189 7543 6260 8669 175 7909 484 8253 7762 7154 20 8200 8489 8913 9211 2656 4298 9044 6536 9019 4823 4255 384 9970 5175 8733 4890 9448 7815 83 8768 5248 5620 2286 3153 6187 647 9703 8536 1244 5712 6105 140 382 69
47 9213 9987 967 7765 4981 4573 3021 6806 7067 194 8573 4403 1422 5655 9741 9726 5094 5941 6447 5409 4087 3640 3487 1418 7357 7954 7523 6696 5679 4646 2776 901 312 4216 1365 5127 5022 9304 2129 656 2470 3232 3590 5829 3247 3081 88