2 7468 1131
2 2591 10
2 8227 2463
2 7227 3246
2 4796 46
2 7948 3324
2 2418 9601
1 7206
4 3202 3536 431 234
2 2736 6521
2 2573 2
2 9927 1
2 4887 7
2 5982 11
5 8890 3694 2876 6569 227
2 1855 35
2 9459 2502
2 7110 8
2 8563 92
1 3560
2 1880 14
5 7716 1736 8704 1304 194
2 6517 170
2 2660 5
2 2176 9048
2 1817 6
2 9287 62
6 9121 1411 9533 4900 7568 204
2 8670 437
2 4027 9
2 1135 3388
2 5991 8070
1 7433
4 2384 1670 8923 156
1 5071
2 7325 7767
2 6527 81
2 4471 80
2 5903 26
2 8967 5821
2 3647 1442
4 5480 6988 8046 196
2 1000 82
2 5091 3
2 1339 55
2 7581 123
2 3539 4
2 6544 13
2 476 7813
1 7632
2 7013 1821
1 978
2 3321 5296
2 2528 115
2 306 4476
2 6686 237
2 2718 6911
2 2887 106
2 2053 16
3 3654 2308 90
3 8088 6995 130
6 6321 8895 6124 831 3711 184
1 6753
2 1159 22
2 4941 85
2 5983 3809
2 8824 94
2 492 41
2 8773 4361
2 8071 1652
4 3358 9732 5749 216
2 5226 74
2 8306 3504
2 1399 6348
2 1192 995
2 2758 34
2 6190 17
2 5441 19
5 7575 5950 2625 2862 205
1 820
1 4557
2 8596 96
5 7804 2693 784 3838 185
3 9954 2851 188
2 6377 1356
2 1376 12
2 2939 63
2 9377 15
1 8730
2 4469 69
1 4793
1 8727
1 773
1 7678
2 8303 8913
2 4646 29
1 1344
5 9483 4191 2491 8838 226
2 8965 8119
2 3760 3755
2 4411 6914
2 3936 5147
2 4011 4580
2 9824 53
2 7025 61
2 180 88
2 9723 97
2 6039 6499
4 2212 7519 750 138
2 1555 38
2 3608 5646
2 1067 8319
2 9868 45
5 4829 3145 7784 6349 126
2 3491 86
2 2346 3633
4 8192 605 3184 235
2 9925 4337
2 5968 56
2 3341 20
2 3708 1713
2 563 9519
2 7444 1118
2 3578 807
3 8968 8762 140
2 6252 229
2 1626 25
2 2430 42
1 4818
2 7061 71
2 5059 79
2 7909 21
2 7613 5669
1 3207
6 364 594 1882 7688 9532 238
2 8253 8572
6 719 1776 6855 3552 4320 112
5 1178 9372 2300 6524 157
1 9803
2 1844 18
2 7773 57
2 2288 6520
6 4679 6319 9253 6616 4987 173
8 3696 7891 894 3178 1426 5138 5545 228
1 5886
5 1381 4500 2858 8907 160
2 2445 54
2 6879 0
5 9252 262 9257 7450 150
2 5513 75
1 4483
8 9550 7239 7153 2825 5570 7836 2145 201
2 9763 3887
1 9520
1 9359
2 4070 1439
3 4138 6285 167
2 9044 6060
2 2951 109
2 9515 73
4 3381 3312 4691 244
1 1114
1 5578
4 872 7771 4286 135
4 7122 5828 9525 137
6 9251 2237 4925 1559 5449 246
5 8184 6129 5072 6917 151
5 1778 4810 6322 8441 198
5 7464 454 5294 8499 239
2 9360 91
2 8578 6441
2 5478 40
2 3709 27
2 4528 1642
2 7621 169
1 1545
2 8402 44
2 3827 60
2 2297 486
6 1563 408 7844 948 2902 146
2 7147 2337
2 4420 24
2 5067 215
2 5553 2411
3 7355 5498 1009
2 7362 59
5 1208 8886 8949 6935 236
5 3614 264 8201 8163 230
5 1319 8975 7059 5895 223
2 7284 9600
5 4006 8809 1333 5652 206
2 7760 43
7 5649 1433 2654 9609 3688 4778 199
2 23 3903
4 368 4419 8900 243
2 6591 8430
2 6960 47
2 6090 50
2 6912 6665
2 6031 8982
2 6515 6514
3 8605 8199 178
3 7809 6889 114
2 5444 3791
2 5371 1751
1 4417
2 9530 83
9 7109 4629 7534 350 2125 3702 8885 8980 231
2 9186 1586
5 4301 7997 1663 4399 161
2 6463 6518
4 7990 5597 5399 187
4 6403 9750 2096 154
2 666 5813
7 873 1459 9848 7056 2677 7496 222
2 7482 87
5 9349 7835 2454 4599 225
2 1803 6207
9 311 6208 3163 3635 7068 4412 4530 1633 117
2 7972 6170
4 1023 879 6650 143
5 2412 6509 3741 9211 253
3 3824 8753 252
4 8711 4559 8661 4127
2 4736 49
2 5969 32
2 7347 8139
2 7015 48
3 4329 8276 245
7 499 388 8031 3330 2998 8156 125
2 7522 113
2 5332 9921
4 1146 9258 7410 103
2 9693 101
4 9346 7152 8622 152
1 3638
2 3147 8722
2 8788 7899
2 3861 141
4 1027 9642 7105 139
1 1190
6 1105 613 6015 6644 5408 209
4 2866 1478 2326 200
1 6018
1 6834
5 3291 3774 5412 9404 133
4 2486 7368 1653 182
2 4520 1562
2 3225 8490
2 835 102
4 7075 3337 9794 202
4 9418 3733 3931 144
2 7684 8606
3 1246 5141 132
2 4868 51
3 7506 1035 171
1 766
2 4467 8397
2 5780 5334
2 8553 4811
5 310 2615 1367 2055 255
5 4588 9541 5272 6434 210
2 8330 65
2 7453 6365
2 4838 5533
5 1973 379 1959 3620 120
4 3362 1789 5404 118
2 3088 37
2 7913 9569
2 2620 84
2 1998 108
3 9249 5325 134
6 7108 5307 5589 8581 6687 158
4 1922 4492 5198 127
2 6143 100
8 1874 7483 3008 3265 438 6099 6390 247
1 3870
2 1140 722
4 2015 8245 4465 6127
2 8047 72
4 1061 6477 4812 212
2 3230 8278
2 943 3286
2 6583 5883
4 7779 4022 7182 166
4 9019 7218 5988 248
7 4717 2343 4950 712 3277 1020 153
2 6610 8080
1 240
2 4949 93
2 6238 4177
2 5979 7641
2 4325 95
4 8719 9663 2499 145
2 1284 105
1 1018
1 218
3 1956 8304 189
3 4644 2812 110
1 1022
4 8571 1385 3456 220
2 7346 2593
2 923 67
1 9910
2 9914 30
1 2448
1 1546
2 2709 111
5 1529 2191 5776 5176 131
2 641 36
4 4317 6226 8971 175
2 2177 58
2 9740 28
1 5254
4 2541 8048 1931 162
1 7458
2 1785 251
2 5975 33
5 3729 1682 2806 8666 183
2 3367 107
1 8000
2 7655 68
6 3086 3926 1400 6470 2764 181
2 5573 76
2 5985 52
1 4604
2 8422 66
2 2265 78
5 8758 5679 693 7854 1088
3 2099 9865 136
4 8111 7753 7053 122
6 7862 3507 9986 8726 148 163
6 9913 9436 1289 2172 1705 249
2 4321 99
2 4048 3298
5 1002 798 1808 9465 168
6 2751 576 129 432 9714 164
3 3193 8815 3850
1 89
2 9449 1427
1 7376
4 233 8340 9608 119
2 8878 4052
2 174 1087
8 6745 39 5382 1763 6845 7733 3048 213
1 3288
3 1143 9840 142
6 5562 789 2269 5604 2773 155
1 8994
2 5742 64
5 6744 9528 5461 8939 214
3 4352 8929 104
2 9864 3111
2 7432 242
1 2669
2 5281 70
7 1206 8793 4438 8934 5376 5434 207
4 4948 9999 9184 128
4 7383 31 7904 172
5 1695 5705 1216 5877 208
5 2717 4181 702 2276 224
4 9049 1285 3120 193
5 9579 6382 4763 3020 6152
2 3705 77
8 7379 1421 8632 9076 6158 9648 8002 203
7 1194 7113 2710 2582 7280 8999 4241
5 5919 8780 1615 2225 177
4 8599 3742 8113 176
5 4836 6548 2678 2747 7601
6 768 1706 4823 2070 5894 147
4 9489 2298 5273 241
5 1037 4005 1322 9484 179
7 8546 6801 4774 5842 548 3975 197
7 4065 2977 3515 4936 8948 1699 116
4 6600 5561 2487 124
5 908 584 7940 6397 2983
7 211 8200 1021 5910 5653 4374 186
4 384 3964 6311 121
8 1269 8290 9509 5344 4898 9726 9614 250
5 5914 9021 8251 4122 8618
4 389 1056 5439 219
6 3767 9301 8215 3134 4951 195
2 3161 7713
2 7600 98
2 2944 5891
4 3272 446 6721 232
4 7196 3508 2619 7146
5 4523 3890 5348 6104 221
1 4390
6 5245 9985 8679 6614 7524 159
4 3252 3492 8865 192
5 2981 5317 2481 5811 464
1 3028
3 9451 165 191
1 1015
6 2359 3516 8230 3848 7036 217
6 4450 3389 8946 8718 2617 190
1 8433
7 3751 1016 4275 1936 1659 5555 149
3 2007 8612 254