3 3663 4821 230
9 4780 9819 5882 7930 4502 1778 4 74 310
3 2634 1766 357
4 4032 2355 224 5885
3 2174 5987 311
7 5221 7970 5953 7187 870 107 206
5 3171 5496 737 85 325
4 347 6377 7063 152
5 2882 2329 9163 80 380
4 8729 3279 4635 722
2 5002 7690
8 2484 1625 8243 7968 8151 6301 119 342
4 3417 9300 4340 7917
8 8833 4487 5072 8672 1540 4256 63 409
4 2796 5950 8465 147
6 6975 1822 5058 8542 1298 274
9 2280 5282 2893 6325 556 7839 9860 2338 290
2 8770 7260
3 8135 1859 5453
4 8941 7341 117 407
3 3173 8132 8311
8 1181 1010 6564 4875 1864 4418 78 271
2 8887 234
4 1875 2406 0 301
7 7009 2300 5479 8574 3913 4659 247
3 1215 3436 210
3 9841 5269 42
7 2216 8032 2915 8412 6511 146 417
3 7804 3403 6148
4 2925 5638 196 416
1 7899
2 5016 969
3 4757 6435 7649
6 1743 3597 9353 3958 7534 397
6 8189 6271 6680 4014 8385 161
5 123 244 2296 9410 199
3 5536 7540 289
9 7563 5087 8081 7817 8167 7911 94 228 403
10 5360 9311 4226 8996 6760 6157 2157 1851 112 410
3 4490 8629 386
5 2729 1209 4998 1185 116
5 1910 7895 3633 5211 303
7 3853 4752 9711 8275 3570 77 192
3 5418 2952 149
5 3430 9411 9656 8805 111
6 4105 8548 6017 5681 159 316
4 9823 1533 6065 232
7 1216 827 4012 882 3038 9969 176
5 3508 1841 641 7214 2084
5 8476 5902 566 3074 6479
6 8027 7490 7934 2007 2367 138
4 2182 8409 6755 6207
7 4410 8084 2712 362 9799 8 327
4 5216 3876 102 335
7 6754 9919 5426 1977 4133 8799 371
3 2444 4331 332
6 6190 4222 439 2143 5738 275
6 4694 1261 1231 7734 5559 7207
7 288 7591 5778 7923 8317 9982 353
6 8346 6957 9109 1 163 396
6 5631 9102 5021 8753 28 284
2 7495 6405
5 6619 6012 3829 7162 329
4 7568 537 89 441
6 281 4094 4968 6865 64 336
6 9525 3712 8387 9343 113 203
4 5232 7654 5707 129
2 3358 7796
2 7521 6787
5 4819 3263 6903 3352 6906
9 1073 6923 3688 978 8959 2781 2630 134 434
5 947 5627 7517 9138 438
4 7065 4940 6202 365
3 5685 7688 248
4 8626 4762 1651 135
2 4594 421
3 8218 4678 358
4 7553 6173 12 171
7 9214 17 7964 8803 9558 120 295
2 7533 155
4 7310 9318 3868 5517
6 516 9650 8470 9154 222 270
9 6338 4118 8054 1296 8955 2054 6650 2659 136
6 5292 9972 3422 3634 38 162
4 3397 6478 8062 2894
2 5513 2423
4 1598 7319 9700 399
5 2382 4287 3024 9556 59
6 2260 6611 148 4426 5674 256
6 2930 4782 5816 4585 900 208
4 6932 2016 4793 46
10 3320 3662 9659 9269 6534 8037 2956 7947 30 215
7 213 8804 5468 6899 2505 4300 309
7 636 6443 1327 503 1627 2 225
3 7956 5813 5666
4 1902 8810 953 3767
3 5280 2149 326
4 7100 9015 9770 296
5 9043 3906 6264 6121 49
4 8380 2737 6371 8670
2 568 7368
3 9377 2431 2436
5 5956 5750 6806 52 431
4 464 8265 3748 114
6 9200 1352 104 4058 5065 389
7 7682 9991 3062 5930 1637 105 258
5 5275 2008 836 4188 363
3 5276 7134 169
6 1624 7998 3008 5044 29 355
4 624 4556 4347 395
5 2975 9572 9900 5486 167
6 4083 8772 2371 5273 8351 151
4 6513 233 142 349
6 832 6019 6324 9894 6240 3082
5 1078 47 5698 7456 372
4 2702 3530 4184 156
3 4075 511 178
3 5029 3901 76
7 5676 6465 1727 9827 31 84 359
2 8330 1154
5 1032 66 5099 8744 9577
4 2891 8643 9514 2980
4 3045 4962 7049 100
5 4533 9748 3188 1635 194
6 8339 1718 6898 8360 96 430
6 5201 4297 5747 845 4916 338
6 8497 2579 7885 6413 125 361
4 8485 6663 45 418
6 473 4815 5463 5196 5779 6091
7 1797 7687 2059 977 11 166 398
5 8222 7095 9161 7348 219
4 8302 4961 5729 5921
4 2902 4419 960 392
7 3891 3749 1812 1522 2611 44 237
4 4258 2719 109 334
9 4309 9482 8622 7542 8784 6537 4364 87 331
2 8816 81
5 3029 9071 3472 9932 221
4 5715 1731 4978 187
7 1046 1613 3988 2814 7996 2249 145
4 7425 1705 4254 9604
4 3452 6526 2217 164
6 9877 2668 4539 48 191 375
5 8948 4776 9918 4901 428
4 188 6673 4625 198
4 9018 6133 819 153
3 5867 5045 7820
3 4145 7271 7417
2 6246 404
5 4647 5379 41 2936 3227
8 3242 1702 9374 8596 1473 126 7272 236
7 8500 6471 2067 6639 3555 4171 406
8 9225 5527 5507 7165 9527 55 253 425
4 2953 205 6561 1199
4 8110 6235 6090 323
6 1019 2349 9404 21 179 314
5 5412 9452 9768 7 344
7 7359 6606 3253 759 9786 2518 337
8 3412 2096 3600 6577 7178 531 168 241
3 4474 7364 436
5 5171 1098 4866 6576 229
4 6141 5240 15 276
2 1397 285
8 220 4564 7750 5754 7647 8514 6014 432
5 1714 5231 4767 4576 262
6 2546 4439 3727 4412 4275 377
4 7924 4208 6279 128
5 1661 6916 5491 7502 446
5 1402 7168 6447 6960 6575
7 4976 8462 6552 8965 1594 2994 259
6 6912 173 4881 3107 177 437
5 1887 2850 1773 69 443
3 5651 2895 3232
5 9642 5849 637 5208 317
8 8584 4079 9950 9082 3421 4690 50 249
4 8720 730 7775 158
4 9813 1665 5723 240
5 8426 2290 3572 7424 582
4 8763 8776 6730 53
6 6510 1428 6496 7555 1921 251
4 6211 7094 75 322
4 5250 578 7936 367
6 477 9026 8474 8792 9510 106
5 1877 3993 2565 283 181
6 8982 6249 3070 5398 7887 231
4 2810 2561 65 260
3 547 6835 264
5 8526 6295 8684 7194 4087
5 9849 1079 9255 73 348
4 8901 649 3000 1648
7 653 1413 1061 7050 6974 4361 423
4 4572 3059 9895 383
5 7069 6415 5317 6135 2107
6 6784 8443 8114 8945 99 394
3 6555 3769 592
5 1058 7055 9188 2480 340
3 2025 9170 2388
3 8100 936 6172
6 1442 9550 8633 4605 6061 132
6 6948 622 8180 8392 86 175
1 9914
7 9548 1249 3861 5575 5294 2291 9346
5 4341 6662 6625 40 140
5 5827 8225 5561 60 273
7 6872 8269 3154 5988 32 280 378
6 5911 6542 1868 61 212 374
5 6670 3750 6947 8314 174
3 8308 7774 269
3 351 9307 414
5 4453 8749 869 4131 350
5 5629 2170 3979 3708 405
5 6506 3840 6149 1363 319
8 1756 1103 6039 287 9873 5320 1990 68
5 5359 6823 5551 1177 150
2 7362 4964
3 2874 942 7010
7 4123 8728 4414 6305 2791 95 330
3 6159 4540 1445
3 7064 9579 5107
7 9381 2366 4569 1237 5042 2497 346
6 743 3002 1538 4337 5823 308
4 315 4407 7903 2451
7 6556 689 6858 7602 711 103 250
4 9796 6761 4644 366
7 92 1853 7788 5621 8216 9418 304
4 569 2292 1101 7234
5 1357 79 6142 9478 300
5 3178 1129 5365 2504 110
3 5054 3554 7414
2 7854 2103
7 2135 8418 4820 6598 7722 131 318
6 5198 3509 4020 3021 24 368
4 5533 2623 54 226
6 8642 9331 9905 9724 2254 373
4 9333 8323 2786 6491
6 2337 7835 9335 843 7756 279
5 3624 6909 202 137 448
8 3671 5304 9729 8075 7805 5690 118 245
4 9551 6573 496 139
5 466 9633 7004 5255 412
7 3909 5375 8631 849 18 263 444
4 9309 8735 8782 419
5 9715 7153 8194 35 435
6 2309 9004 8640 9782 7326 387
3 2776 8771 647
5 1845 321 5991 470 354
6 4182 551 565 9830 1396 2681
4 6600 9643 26 345
5 5386 2528 7908 90 312
5 6433 6768 9847 3143 307
6 9708 3157 5789 4747 93 299
6 5436 9108 2273 7422 6632 189
9 207 5478 4859 5870 1136 3857 3504 36 214
6 1003 9028 2099 7652 268 401
5 4908 8146 951 411 320
3 5178 6614 297
5 9704 7600 1596 197 429
5 8752 235 447 3 154
7 6756 9545 9103 7440 2211 8395 141
5 8809 9025 9697 6164 217
4 6066 3334 341 204
3 1479 7021 426
9 5896 8798 7237 4608 5774 2879 1793 88 305
4 4037 27 172 433
9 8791 6438 661 4042 2556 2155 7907 33 328
6 43 1050 2467 9204 108 390
5 4806 5257 7215 165 408
3 6290 5392 115
4 4932 8690 796 1289
5 650 6108 4775 3642 184
5 7072 9965 5470 3826 91
4 238 5531 4956 7527
6 3782 1961 3464 381 4516 973
9 8532 8336 4653 7140 2160 517 4461 697 223
4 5262 7056 9595 3810
6 5411 2449 20 1268 6051 400
4 608 5961 4643 9741
5 555 1629 5897 8696 200
4 7322 3048 9481 56
7 420 1102 4537 5184 2454 3870 58
4 7046 8859 617 694
4 1415 4943 8402 6627
5 5285 2985 6441 157 391
4 6409 8363 9645 2507
6 6751 3493 7537 4977 144 422
6 8900 948 9358 9941 182 376
3 6080 7741 5193
3 8682 3444 7264
7 1978 9962 3668 9192 14 286 440
7 5568 3609 5936 4512 1653 7577 246
6 2524 8095 7659 6169 9212 352
5 2742 5812 3375 127 360
2 9582 3818
8 3034 469 7192 6810 6843 124 97 393
5 6008 3580 5204 9784 388
5 6277 4695 2661 143 293
4 7790 1341 2942 519
3 121 3030 8009
6 797 9152 7718 4789 16 193
5 6646 4437 1099 5 402
5 8962 3758 9544 3952 302
8 67 8148 3800 2716 8964 6737 70 313
5 5346 1697 7641 216 385
8 8653 9736 2907 7965 6179 22 133 324
2 8096 51
5 9940 699 8307 10 190
4 3928 25 5644 254
5 2022 5872 1874 1508 277
7 1223 6691 4270 5402 7559 170 343
5 6490 4771 5970 72 242
7 1595 282 3071 4235 82 183 291
8 9229 7105 3089 814 9064 1946 3531 83
3 3946 3404 6216
3 4663 98 261
4 7650 7223 9958 445
6 2523 4890 5635 7886 39 255
8 2394 3102 8113 2498 7478 7997 8618 278
10 9597 6126 4155 9347 265 7460 6546 71 195 449
3 7938 2494 252
5 356 6048 7676 9837 364
6 8534 9423 3808 23 209 427
7 9898 954 272 8918 7608 4915 180
8 4632 5578 7701 6907 2537 3386 227 306
7 2453 7019 6074 3080 2678 6 243
3 9327 8456 7492
7 4307 6976 211 748 5928 8636 339
4 5854 604 2824 2288
5 8845 1212 8694 201 413
4 4173 7471 19 294
5 692 1739 1993 9 415
10 791 3723 1478 9723 1001 3006 7747 37 130 333
5 3300 9519 889 4897 3595
7 3234 799 2883 1027 6596 34 239
5 610 883 5678 2783 122
8 9673 3004 5111 160 732 5284 9403 266
5 6774 8068 4963 3517 298
6 974 5618 7806 8909 185 370
7 3655 3645 2809 6088 5410 62 218
3 5361 6422 424
4 4013 5795 6055 186
4 9462 6697 8932 57
6 756 725 3424 6952 3116 292
3 8707 3057 3399
3 8879 101 382
4 6210 3246 852 6804
5 3790 442 3120 8768 9600
7 4669 4305 3948 6637 9555 6588 369
7 6765 9222 7626 818 9354 13 257
5 1454 2807 1911 267 379
8 4602 9193 1930 9438 6830 4871 4329 384