9 474 1512 8786 1986 1977 8379 1721 4828 987
7 7109 7553 3129 9757 4029 66 1880
9 1335 3245 661 1640 6340 2551 9177 6098 3157
9 6783 3049 7428 7666 1386 5371 2453 2885 7614
8 7013 5282 4666 9527 1250 5847 1220 30
10 2356 6485 8774 839 4141 6580 9265 8782 1179 1176
7 2920 8213 3202 5366 2924 3909 5608
10 4525 7188 8792 8146 5917 9202 4664 4195 8075 5610
9 3580 7687 530 5699 9042 7364 5579 7275 4939
8 2581 1054 2382 4587 8671 3098 7778 1292
10 5299 7186 5698 4720 1755 2217 3451 9027 6930 281
8 5137 5060 9636 1792 572 2404 3867 4236
10 4309 6529 6068 428 2639 475 9742 6082 2867 1104
10 568 817 4196 6338 4938 9209 8761 2884 2121 4211
8 1178 5856 4836 4205 7642 4227 7915 7872
10 1900 7140 3849 3411 6984 5069 2394 9272 4907 8928
10 1992 3005 2957 4686 9345 8298 7746 1725 9566 8864
9 6252 9595 3991 290 611 7535 1523 8014 2023
10 6412 8932 3424 4154 3842 2059 2126 5100 3146 1561
9 719 2928 6265 3783 3057 7856 7216 4944 2568
7 9707 3655 6208 4115 4024 4070 6566
10 2571 7455 7319 6029 3615 9678 8228 8560 6582 8620
10 3156 2589 8328 3050 5012 1215 159 4327 5632 1193
10 5868 3294 1524 7312 9064 4555 4872 3622 9238 2057
9 7928 2603 8715 1904 6293 2654 6946 7971 938
9 1315 8783 4084 8816 984 3784 1768 5001 9624
7 7965 7293 7846 7086 7690 5091 7361
10 6002 6656 166 9030 6645 330 9981 8272 7048 4796
9 1209 7711 1530 3066 665 8187 7191 9132 5441
8 4435 2738 6875 199 7579 7901 3729 342
8 8175 6912 3602 4656 9710 2706 9424 5782
10 9393 3546 5710 47 6454 225 2076 74 6677 6114
10 2432 2324 7792 168 8766 922 5409 5426 7037 6838
10 1560 5218 4935 9696 8093 4585 6336 993 6659 408
9 187 6794 2626 718 9450 2207 5170 7066 4147
10 5970 1194 3403 3938 8128 8367 2665 7679 1117 9667
8 4839 1227 1625 1218 7444 1985 5550 3811
7 7956 1170 7804 2105 2979 949 2898
9 8773 442 5816 7034 7548 3364 1101 1912 9849
8 48 6745 6922 1460 6647 7933 4584 8603
9 2695 9935 8574 4228 9872 853 6013 9478 9882
9 9313 4877 2642 4782 3038 767 4213 5465 777
9 837 1228 1177 4410 9949 8273 1864 5070 9992
8 1543 3527 5890 9640 266 7663 1023 8051
7 3629 7810 9306 1804 1503 3539 716
7 8640 666 6710 2181 5830 5914 7727
8 3253 3918 7779 9116 1487 3227 9264 3997
9 2949 6189 2143 9105 6141 5241 3952 4163 6041
9 1515 7864 6155 4064 9464 531 7171 1459 5064
8 7399 3236 4661 8285 6446 1146 8486 1790
10 6403 8566 7580 6425 6601 2613 560 396 6757 9859
10 5335 1332 2742 8434 1201 7840 4966 1098 8407 7680
10 1066 5027 5572 1655 9524 7208 8176 2675 8214 4689
10 4008 1447 3176 419 1729 7438 921 6672 508 4114
10 1757 6654 7585 5757 4973 100 3124 97 2948 285
10 7475 8787 8447 9628 6474 2981 4798 8686 8664 2040
9 3696 4170 4815 8991 7685 751 4326 388 8237
11 3869 9166 2963 3786 5212 9164 6537 3439 6163 2122 8159
10 2009 5727 2523 933 1647 2696 1182 3465 4244 3210
9 303 5227 1421 2992 1667 4990 2667 8028 7894
8 2519 3697 1778 4940 4017 930 934 9370
10 6670 1414 6004 4875 1272 6048 5913 8981 6865 4301
8 9913 3608 5662 4021 6784 294 7770 7422
8 4078 3147 5732 9341 6247 1168 9228 9226
7 5440 3708 7884 529 8652 1475 3230
10 5018 6662 6455 1200 6316 1465 9375 6062 2415 5879
9 9256 3138 533 8940 8112 8094 6237 2107 1944
9 8310 2296 6168 1260 3453 6089 826 9822 2048
9 6031 8848 7373 8419 9751 8742 1862 377 2374
10 4094 4536 3029 3426 3966 761 9068 1189 2702 4559
8 7463 8965 2245 1106 8882 7808 6367 2206
11 6466 7064 3329 4299 4020 5291 2434 8101 458 1197 1679
9 7270 5517 5120 4869 4035 6380 1081 3228 1348
7 8292 4873 4164 439 7382 8306 7501
8 9504 1830 2570 8236 9242 4300 7812 8638
6 84 477 3334 3840 3054 2591
8 7005 8489 499 7494 5815 6587 4491 3211
8 677 4475 3461 5920 9954 6593 2921 8160
7 2135 6502 8967 9475 2362 1257 7474
10 88 7709 3572 1313 6000 1693 4123 9505 599 6190
8 4377 9820 9401 326 2212 374 7805 3691
8 2465 5971 8277 3557 507 908 1942 6904
8 9976 8029 873 3542 4862 7988 3843 7334
10 4379 789 4421 4003 9610 7477 4792 8827 8987 7654
10 3607 9046 9274 6360 3915 9130 8665 4274 3798 2246
9 5497 3333 3976 212 1863 5287 9731 9248 4068
10 9847 8630 2230 975 1111 3366 2578 7445 4433 3765
7 8878 9128 2566 9251 9833 8610 7122
7 9752 19 7451 7648 306 8996 1069
9 2735 9733 4352 267 7759 9846 1595 7564 9303
9 9084 8290 6125 3114 4806 6133 9232 3735 1271
9 7429 1838 2975 498 4602 4615 6066 2330 2541
10 7657 1384 8548 6836 3666 6023 1152 1211 8296 9687
11 4090 3409 9602 655 6742 2600 9537 7010 2395 7516 1584
9 3442 2424 9495 7870 1627 3802 4371 2314 137
9 5693 1609 1588 7000 7994 1263 691 8645 4767
6 672 8227 4372 5088 6630 4302
8 6822 7435 7224 4011 156 397 2565 2893
8 4494 9864 601 8795 7916 9964 5526 6238
9 549 7114 457 7097 6648 8151 4617 4800 2346
9 9619 9405 2711 5829 9002 1474 8860 7081 9980
9 1305 696 1002 4658 5036 7282 3675 6727 9319
7 9563 5991 5656 1613 379 4594 2248
9 6263 3249 3601 2783 1685 8191 81 6121 1531
10 5192 5615 2511 1994 6498 5584 6719 7769 1896 8815
8 3055 2233 6164 854 7464 3099 6248 4564
8 1097 1407 368 9171 2831 990 3901 2760
9 4601 567 9503 5090 4405 8642 2291 4965 1045
8 9003 4984 2690 4705 9457 907 3261 2412
10 2247 1323 8370 4482 8034 617 3205 7274 138 8857
9 2015 8449 1959 782 4481 772 843 249 2234
10 4742 6139 965 7243 4376 6034 7448 3122 9288 3466
9 700 7612 874 2399 6352 1835 2209 9440 2315
10 423 8149 4635 7572 1491 8421 2160 8300 1302 9073
8 8518 658 892 3381 9617 3393 2809 3425
10 1273 190 6756 3717 4137 6026 2745 5298 2842 1541
10 8731 8557 6296 8133 2352 102 7777 7457 6268 4773
10 6689 1883 9087 5887 656 9410 7730 514 1259 6562
6 8890 4088 3502 6570 4756 4528
7 9514 1492 3354 9925 6716 2558 6179
9 2720 1637 4467 5234 348 2652 459 524 8416
9 7861 6404 8203 6420 7193 2732 3418 649 1716
6 3090 2297 7662 671 8116 4588
10 713 1438 8892 4207 1684 6814 8190 8617 1016 3752
9 7936 9691 8351 3554 8368 9737 4858 5221 1392
7 6277 7028 3891 8338 8088 2556 7573
8 203 5626 5627 7785 6893 7169 4895 9074
9 5934 9649 206 5663 4297 3721 5082 3685 6925
9 6901 7891 8157 1723 4914 7041 4497 3896 2184
8 6815 7108 9804 5267 2857 6491 9817 7167
10 7070 8458 5049 135 164 2927 1331 9075 542 4062
8 4679 7768 7557 5351 415 4256 821 9639
9 5445 7156 1363 9680 6526 6009 1109 4347 1067
9 1105 6206 4285 3616 1884 2304 7118 462 4113
9 2883 8024 481 5711 2409 9158 8909 5995 5933
9 3817 9090 9556 9349 7665 1436 8800 3731 3498
10 9305 1605 4910 1326 6966 3117 3524 7301 7370 7381
11 4059 8484 9666 9944 6220 7190 4171 5238 2260 9632 9823
6 1138 3651 7355 233 4699 1785
8 5324 2166 4980 6856 8194 9889 2360 9346
10 1867 3257 9813 2537 7628 85 2640 7515 4924 3496
10 4758 7993 3910 2881 3885 4450 1746 9284 5219 8691
8 311 3368 8464 9314 6244 1443 40 2630
9 6381 3311 5089 1240 3220 5422 7811 3373 5021
7 2917 3358 6825 46 3165 1299 7609
10 6706 3826 697 3083 2967 1910 6896 3793 4397 8103
8 7957 1406 9320 9633 4629 8403 1583 8968
9 769 9402 200 8536 7380 657 6589 6331 7592
10 519 3276 6053 6718 9657 3433 1745 9655 3621 8099
8 5717 6849 9805 5621 1365 6698 8062 5941
10 4071 9347 9469 802 2635 7253 4541 5405 5764 5709
8 606 3540 3947 2305 4957 1319 4989 6106
9 8708 7198 1267 8348 7882 7256 3609 9054 4209
10 3549 8736 1489 6003 9289 986 9392 8869 1643 2766
10 7499 1784 5466 6473 2442 5433 1968 4888 9516 5907
6 1776 8158 2780 3585 5503 5982
8 8477 8302 7631 4202 4065 8324 1644 6850
10 3307 5213 1697 2605 2036 3663 1553 5008 8316 402
8 6663 3197 8978 5347 2997 6251 1412 8820
10 5235 5387 277 9109 3732 3940 3770 4834 2467 1922
8 5300 4387 7347 8059 1676 9101 1297 8843
8 9409 9406 513 4830 6703 6762 5603 7498
6 8950 2788 6536 9871 241 4027
10 3167 5491 5996 3200 8791 5263 3530 8984 2648 1791
8 563 9869 2497 8768 6222 6971 7316 7075
10 9679 7287 6741 9487 7686 6643 9948 3829 7817 6681
9 768 271 4863 2333 9761 64 7837 9553 8182
9 5860 1113 565 7277 5799 1453 244 2407 4224
9 8758 3024 7465 9634 5601 5043 2543 4249 2977
7 8670 6749 4953 4099 7761 4206 1532
8 6916 3579 1030 6547 4652 1346 867 1330
8 9888 4583 3865 3475 152 4643 7043 2053
9 6807 4208 4507 172 6357 127 8243 3133 1008
8 2316 8711 6563 7209 2984 5193 2906 3874
9 2061 4693 1564 7554 3325 896 2173 2156 8662
7 5086 7948 8259 709 6094 3895 7793
9 4058 3575 9012 5955 1797 1079 2661 1700 1051
9 4618 6150 9078 5957 1222 1762 3315 3974 4293
7 7929 1860 4848 935 9477 5690 9044
10 7561 2512 3396 4250 3119 9645 3839 5835 5323 463
7 7401 7889 5480 8876 9900 1779 9789
8 2384 1580 9182 8353 8378 106 1048 8026
9 4855 5808 5189 3544 9620 9138 9062 8018 1417
10 273 7020 6804 95 2731 4403 9539 1943 2043 9584
7 6831 1630 5006 2518 3583 1294 8303
8 9325 2536 6192 4050 7174 4913 2128 1376
10 3444 8262 493 7085 8831 5766 2406 1455 6067 9379
10 5769 1372 4112 9045 7172 8173 8523 1062 2054 1692
10 9140 8209 8573 4826 4396 1245 4063 2505 5910 1096
8 4948 3291 3414 5628 1494 3981 4498 4787
10 8703 7180 245 9144 57 9712 9276 629 425 76
9 117 4781 5369 3105 6903 7092 8412 4089 8801
8 7913 2681 615 7152 9897 6359 7873 1393
6 6695 3596 9965 1206 7110 7726
10 7040 8425 608 4807 5511 6886 9684 4045 5452 5074
8 3855 3640 9845 497 3879 6399 382 5099
8 3371 5743 2074 2825 2585 7134 3646 230
8 8329 7230 482 6818 8445 2673 189 3421
9 9675 2942 6951 5712 208 4593 7643 2515 1248
8 6198 1024 5285 7683 6398 9199 105 5903
6 9449 4575 9890 640 4887 865
10 4307 739 2335 3462 1777 6985 2930 5962 847 6596
7 375 2357 1970 98 7922 1349 5553
9 1040 8459 128 956 7883 3778 3904 4775 2548
9 222 5858 4246 483 6969 7239 4879 4653 387
7 1005 109 5983 4366 8542 9950 3673
8 9550 6202 4558 982 4986 4119 2270 9837
10 3555 7398 8832 1233 3116 7203 4958 2072 121 808
6 1135 9795 2937 9364 9249 6905
7 3578 7446 1601 9832 9647 659 2174
10 5424 6135 7927 2216 2470 4485 8804 4398 6907 2693
10 4894 3990 1869 3375 2754 8951 9561 967 5123 9106
9 920 2641 9316 318 5107 2653 6484 4969 7822
8 9799 1803 9613 6705 5866 5400 9612 7415
7 2559 1773 3773 2573 5160 3469 5462
9 6541 328 4349 3680 3493 6618 5260 485 5101
10 961 3148 4794 3632 8682 6272 1511 9963 9896 310
9 372 7320 9627 69 32 3477 3290 8998 8500
9 7952 6884 332 5892 2663 7096 3434 1391 4496
7 3654 9951 3789 4713 6374 2966 4159
9 24 1013 8440 3445 2952 1369 7113 8945 1639
9 2869 9052 1995 951 6119 292 9458 147 2989
8 8962 6110 8902 4733 2060 4607 4477 7613
9 4637 4414 7314 8803 2577 6216 5838 7150 1855
10 4150 6740 3510 5182 9492 3194 775 2045 5564 6103
9 6115 4428 6669 5602 2180 3338 2753 4623 3751
8 3988 6123 3989 7876 7698 1496 9159 23
9 5885 8055 7638 5777 4520 2320 5899 1429 5394
8 541 4260 2495 3193 8118 1415 7014 1799
7 4143 9463 9385 3594 2751 4278 1947
9 6228 5948 1142 989 1102 4639 2075 8266 3584
9 622 7471 5307 3740 8615 7595 5679 2164 2846
6 1833 8376 3068 1399 6188 1433
8 6961 9473 5295 7787 1529 6081 4353 1709
9 29 7129 6410 6475 3370 4709 4724 9031 3851
9 1664 3758 41 2338 3701 3169 6279 1458 9268
8 55 2123 1221 35 92 3345 8485 7080
10 9523 2714 4624 9485 4028 6261 4605 4696 5792 6909
8 9216 6199 5954 856 422 9604 7187 6416
10 9283 2079 4109 4920 5756 992 5695 8990 8038 550
8 4842 8020 364 1902 7745 7466 9526 6751
4 2576 7325 8188 1817
10 4346 726 6255 8868 5678 4880 1311 8220 4714 3782
9 1888 3208 3092 8637 4101 660 7425 4441 1364
9 734 4511 7430 1873 7246 7135 7762 4677 9720
8 3149 4706 9255 6058 9118 7534 4819 1930
10 7119 945 2657 2056 1175 5642 4034 461 1872 1831
10 4214 9685 2455 2440 8079 8609 9394 4971 7207 365
7 7862 7379 6764 6402 952 2110 1166
10 157 9985 4673 1550 3051 6270 7387 9408 7271 4802
7 2986 9452 7372 3191 9819 6989 9019
10 297 3196 3779 4107 3047 4749 8938 1110 4638 3905
8 1978 315 5025 2896 7847 2044 5861 9082
9 3103 2538 5748 8554 2077 7162 1846 2108 2972
9 5341 9920 8588 6842 832 646 9836 7562 544
9 2912 9852 720 8823 2916 2776 2954 5967 8023
8 3281 1874 8856 8955 2771 444 7103 2065
7 5716 6329 1121 8521 8192 6283 6333
10 6724 6658 2147 6069 5303 6927 595 5045 3258 8239
9 957 1593 5214 1997 7710 4595 8737 4328 8373
9 445 2838 7248 9104 3270 9923 7068 4105 7339
7 3693 7082 3263 9483 9962 4247 8401
10 2020 5358 150 9353 6523 141 5116 4776 3394 355
8 8395 7329 4833 9926 9579 8695 3247 352
10 2008 4959 7546 3605 4291 3082 5622 886 6393 6134
9 8406 7116 6200 5620 8530 9429 7309 8780 6674
9 5598 6877 4080 3566 376 5853 4355 6882 2397
8 3030 9246 1276 7337 6196 7816 8631 3986
9 3471 4537 4867 9769 5783 8529 4744 6579 4853
7 7141 4885 9559 9252 6871 9186 6915
7 8102 3160 2718 7278 8245 5451 5569
9 8840 9851 8198 119 6076 9972 7693 286 8895
8 585 5237 8207 9071 7386 4503 454 3505
9 268 5990 1010 1628 1046 1441 4356 2680 897
9 4495 8739 1955 1186 9037 3970 5014 8644 5998
9 1353 7512 5205 6430 2799 9134 2797 8851 2025
9 8342 7104 248 9254 2250 3993 1422 1476 2612
7 5406 8586 7975 1843 5779 2660 9482
8 5649 6711 2934 9065 6132 6737 8505 7488
9 7640 2026 7255 830 5187 5124 3785 4871 7145
9 1528 5875 5535 7737 3807 9262 4384 3624 6386
6 583 400 9927 9952 6156 1466
7 2941 7210 3821 3614 5457 2115 6178
8 8204 2422 2717 9100 7276 8263 523 3225
8 3025 6747 6450 977 8546 3532 6344 52
9 1735 8104 2973 8747 169 9564 3531 5915 2907
8 5304 902 3830 5668 8035 2368 7829 5105
8 4829 3816 9512 8504 1631 7456 7764 4634
9 741 4546 9011 7874 1430 9127 5576 8956 7221
9 5381 2006 8784 9575 6575 7682 876 6426 3044
8 9979 699 209 6413 3420 6101 8719 7493
8 8559 1651 3512 6503 3232 1738 2477 3507
4 6321 3936 3623 7453
9 3743 2899 9543 6567 313 3102 9928 5514 1159
8 9581 5113 2198 448 8772 1381 5009 8229
9 1269 4184 5516 6771 6584 300 115 1710 130
7 6039 4703 3537 7245 643 883 8952
9 8520 1635 409 5888 5539 1324 4400 7697 8033
8 3457 5510 8040 9562 2140 7684 5033 8312
7 8728 7575 5428 1181 9975 9496 7931
5 4687 1192 6078 6744 516
7 3564 8021 6879 2033 6407 969 5567
6 580 8073 7574 476 9912 2393
9 6649 8435 2539 3199 7211 5724 9151 8798 5534
9 61 842 9806 4016 8155 6280 9070 7604 3859
9 4788 3067 1527 2856 5593 3468 2275 7715 6910
9 5161 1689 4225 2235 9538 708 7555 5824 1568
9 6456 6851 502 596 9135 9035 1937 7569 6885
8 8179 8426 284 1949 3435 2480 7903 8659
8 6952 864 5562 607 8597 1160 9388 7508
9 7877 8699 3317 6634 378 4786 7558 8164 4937
8 7799 9974 3362 2787 3818 3759 8585 6999
8 489 6493 5540 7567 4409 2171 7729 3086
9 9207 7704 730 8614 6182 871 4415 6746 2191
8 8184 780 8575 1587 1256 6657 4031 8339
8 8420 1984 6307 2425 3036 7284 7197 3085
10 8675 627 5636 9705 2686 6809 5557 1660 9844 3278
9 6424 9191 6942 1963 4139 2385 9357 979 2264
8 5245 4194 9586 3972 161 5437 7503 7843
8 6160 4223 9744 8085 5674 494 1521 6161
7 7468 2999 5344 9234 2292 5076 3173
8 1866 1674 9286 849 2482 9481 8058 9438
7 3692 5332 381 8037 5994 7143 7924
7 8578 7867 7668 6024 9466 5844 4117
8 9121 8681 4544 6639 2377 9028 3946 3476
9 1993 2436 7637 2031 2464 7411 1325 1282 4314
9 3239 9137 4630 6012 6392 4854 4344 2290 4449
9 9901 8323 3073 8219 1913 7263 8506 2875 890
8 7911 3104 4153 506 5228 3513 578 2547
9 9411 2791 5554 9947 4245 1355 9263 6832 833
7 1563 6409 8796 1281 3181 3930 1752
9 4882 5818 2118 1500 9681 1232 2240 711 1820
10 5902 6558 3541 417 9018 2900 9381 9133 3305 5481
9 7229 4455 1908 511 5495 1886 4331 2969 6056
8 4066 6752 5507 950 2178 6346 8694 8413
9 6965 3170 3603 5240 6173 9842 5382 4046 8444
8 610 5359 8346 6550 5352 7019 5087 4857
8 7318 6457 7406 9382 9557 6652 8973 4006
9 2429 3951 3188 7323 2323 704 178 2220 4866
10 6633 2106 8382 210 895 552 1509 546 1309 8533
9 2278 5034 8309 6021 2041 2473 7941 5031 6218
7 2774 7677 3833 4704 8555 5279 872
9 9020 1090 8835 7226 7232 3958 7315 715 9623
6 2418 3112 7732 9809 584 9611
9 9291 3384 4502 4657 354 8806 4130 3155 9441
9 9626 9996 9874 9702 753 3949 3746 1480 9741
9 9187 6735 8410 846 1845 5837 674 8953 1787
9 8509 2784 8254 3319 2741 7636 120 6243 6610
8 4586 4233 9297 3398 9576 403 6962 9701
8 4644 7236 4613 9180 6597 9641 1589 4561
7 2327 7346 2982 4764 3669 8687 929
9 4098 9544 2649 7934 5751 1537 1859 8510 9167
6 7227 146 1239 175 6932 272
9 6694 5746 3017 3565 1557 5050 2187 9812 5770
10 219 9768 5017 9625 9419 8167 252 7907 1004 6319
6 2176 8042 2852 3062 2343 8288
6 1815 1973 9743 645 1143 9089
8 3008 8274 2112 9738 9546 7633 8809 1891
9 5222 8713 2904 3921 2651 2119 6956 254 193
8 8271 7117 9830 1 9273 6172 9222 799
9 9670 5500 1223 3058 7492 5660 5803 7984 5700
8 2944 8462 7196 8995 1352 2011 8257 2192
10 6361 4437 5425 5566 9190 1733 39 7576 5684 6808
6 3321 6438 881 6422 2810 7691
7 3647 5156 4318 3775 8970 2095 3314
8 8564 5721 9815 5158 1686 6274 2525 3790
7 7716 6739 942 5701 3648 3499 5878
7 113 4200 7249 9735 6638 9165 2288
6 6913 3430 3739 8071 9077 3862
7 6607 4255 6186 6615 2919 2602 636
9 3168 7357 5541 9654 5650 1565 353 4884 163
9 2313 2748 8224 3022 633 1169 4270 7176 5372
6 1724 2736 3215 4636 2035 9911
10 5402 5393 2401 9549 6729 9033 5713 8667 7724 5959
10 6900 5744 2782 3795 3026 823 380 553 6460 6868
8 2507 2915 8448 1634 559 3482 5809 7078
7 5343 6786 4048 3636 6805 4552 3754
8 3667 8629 6245 8653 4645 8595 3657 7830
6 554 1734 4717 7692 3326 2866
8 7088 2293 9631 1508 2781 2802 1246 7045
9 8587 6924 5771 5686 2000 5375 2527 6197 4784
7 6418 6377 4007 4930 369 118 8244
7 9698 5654 1518 8989 8854 91 6544
7 8698 2426 3866 1252 6538 6967 9763
7 6780 5112 1208 6512 7344 1620 509
9 6767 8979 4761 2261 4493 8030 2386 6902 3694
8 6044 6159 4665 6128 6356 7479 2355 4838
4 4056 9459 3760 1504
9 2531 3459 825 2132 6305 5169 7513 5356 6379
9 3410 2520 6765 2167 8110 5952 7629 1338 1875
10 5881 1852 3490 5477 4659 6313 9195 2388 4532 3710
9 1879 9282 4404 9179 3190 9570 5310 9729 4832
9 8086 6239 7602 5719 5453 7342 5951 9652 7366
9 8189 9412 435 9511 8937 6213 3203 6297 1198
8 2828 1251 6327 7434 6480 177 6476 9377
8 1794 9267 3108 7442 5135 2817 8493 7794
9 7849 5487 5377 211 8785 5374 5702 5619 5211
7 394 4648 8915 4411 2790 7234 9192
8 6269 6304 3875 5054 9497 9858 3429 2958
8 6843 1100 7102 3906 7912 9156 7532 1979