29 3160 9246 2890 6250 2145 7845 3881 320 7278 7046 5059 7863 6948 6406 1552 6539 1013 4868 8800 9105 5656 4427 9514 374 7711 4995 9398 9786 511
28 5954 8698 5595 3316 9129 2126 8634 1340 5401 7703 3330 5291 3241 5839 264 8242 3113 2246 4987 154 9638 1628 2282 3527 9517 6673 2594 2678
30 2822 7735 7487 854 4957 1220 4639 5167 2021 3158 2009 6705 911 428 2534 9931 2034 5154 7285 1116 8600 7182 6771 7666 4664 9705 2516 696 6480 3082
30 2921 2711 7984 5942 4917 9515 2912 3019 9583 425 2892 4684 2120 3635 7321 8796 8031 6861 4118 1656 1084 8809 9472 9004 6086 2862 2828 7852 6038 1637
28 5831 1660 5532 6482 1745 8549 1042 3528 5390 7835 4178 6999 5024 143 2739 4072 8497 3824 4861 7716 2773 1331 3910 3842 4820 6435 9882 7010
27 7136 1377 548 8625 4151 294 6049 2771 793 5121 8245 6456 858 3585 2970 3287 645 3885 8868 4225 6108 4012 737 638 2189 6157 233
28 3117 3075 5583 6970 3396 5713 35 3619 5739 9006 5508 3507 3284 2235 5132 5732 8759 52 6526 5444 9226 4536 6420 9335 6366 1263 4058 8932
31 2820 6330 8657 8851 130 9123 8701 555 250 1836 2919 1749 4401 7432 8512 6892 5752 5982 263 1581 8113 3915 3658 293 8838 5337 5864 4026 3719 7805 6301
29 9997 4049 3128 5112 7986 4408 3225 8897 8649 4864 1233 8296 5905 2675 1856 95 4955 7273 6476 7963 9142 4041 7902 7376 6251 7166 3664 9847 582
29 835 2414 811 2693 4415 338 4495 9599 8256 1304 1074 9654 7429 3695 8149 6321 9757 4525 6965 4653 4663 6144 1497 7220 7551 4271 205 6947 537
30 4506 4469 6796 5031 8950 9790 4567 8968 9393 4736 4822 4988 9628 9233 2761 7167 3470 5447 4704 5038 2997 5625 4308 9496 1811 1834 497 8037 8167 6090
30 8450 3581 4066 3972 3476 9627 5525 216 4395 2917 5425 2909 6183 9466 198 585 8129 3571 7410 8303 6383 7137 1989 8556 894 6013 574 7850 3080 519
29 7833 8299 7708 8919 5171 2746 8006 2334 9990 5763 5906 384 2076 8435 6457 5191 3616 7626 8587 2402 7403 1324 6290 7139 8535 6533 2067 5361 6588
28 2603 9858 4338 4803 9120 4677 2375 6393 6750 2457 7727 1915 3246 838 9666 7499 7932 2333 7314 9566 1355 8163 9950 6797 4973 1288 2620 6596
29 2854 8039 3991 8431 896 82 1604 4703 2433 8042 4241 5329 1935 8371 157 982 3576 6877 5733 2898 6372 1922 4651 8088 9170 6932 6881 6842 5674
28 2139 1752 4794 1192 4046 1961 8178 4621 200 3212 9173 741 781 680 6450 96 3928 2270 7373 6095 6477 8633 2065 6660 6074 1399 9802 6207
30 9670 8561 3505 7011 5109 6995 208 4069 5396 670 5429 4544 3721 189 9334 4351 1122 3535 2307 1619 6346 9114 8531 9101 6907 2571 6029 8539 1773 7649
29 1959 7256 405 2855 6363 6410 2701 5857 5010 2281 1693 1092 8907 1948 5122 6743 9264 3359 4389 1970 1159 8342 4848 6619 2478 5586 7772 4097 4171
30 1785 3240 9791 1909 8327 4655 7086 4015 6874 409 6715 972 1867 1034 7549 1853 3657 6924 4648 2271 3550 3093 3980 9631 4681 8219 6377 8353 6647 694
29 2635 7901 8468 1186 2769 8074 6767 2391 380 9339 3508 3494 527 8938 805 1461 9122 4149 1781 2026 9294 6131 7140 2597 5629 6709 6798 9188 1596
28 6933 8579 3911 747 1049 8714 4694 6112 9044 400 6171 2887 8722 7298 3888 6565 4164 1720 3773 6549 6886 7339 1633 344 1115 4590 5042 6405
28 5260 3877 5934 1148 6284 3536 3238 7910 2410 2707 3144 3986 2913 3686 231 998 6323 4310 8269 2650 4216 1107 5155 7868 5275 556 5365 9799
28 493 7613 7251 3264 4123 62 5446 901 2788 391 6287 7560 259 628 2464 4146 9140 4836 6759 5103 4269 2210 752 4105 5809 9293 6737 3071
29 7590 8644 3693 7331 404 8250 7870 8718 5176 1792 3791 3434 5332 2967 4761 8610 9734 5573 7064 5616 9663 2438 7501 1108 2626 9579 3840 8768 7348
31 333 1788 4632 8778 2141 8884 6622 6057 3905 9442 2078 7771 1618 1144 6272 5767 2872 4700 5001 3419 4357 5923 1357 8738 8632 8174 6784 8596 1136 5562 1766
30 2098 8184 5756 2777 6150 721 9537 6167 190 2175 7135 4243 8832 3834 3893 5072 6226 955 1231 8608 8856 9275 1202 1669 9766 652 5430 3697 7399 8395
30 6261 7313 4989 3640 8699 2555 9874 1300 134 7592 5502 6185 2760 1069 510 7043 4120 3458 1117 5672 483 165 4528 9449 6909 4927 6654 3308 8514 697
27 7759 724 8590 7581 6102 7180 3242 2738 841 5100 9368 2370 9365 1873 9729 2889 2181 7027 7956 9319 1162 1311 818 4811 1369 2781 2611
29 2734 7760 3775 5545 9785 5574 5360 1542 1302 4831 9376 1309 3454 9158 7258 2671 802 5199 7813 424 272 728 1782 9348 5560 730 5734 9018 5240
29 6599 8724 6062 4169 2472 6283 1969 7412 4356 266 893 199 4515 6082 8007 5786 6607 471 1286 5194 129 8888 5624 9074 517 65 2273 6133 9604
29 3060 5801 6200 2512 3410 309 7016 679 6971 4641 1694 9728 9651 2811 9256 5477 5505 222 5389 2460 6285 9834 5452 6209 7289 843 9869 3038 5690
30 2446 4801 626 1066 7109 5308 8046 2609 107 9338 6097 4497 8976 9222 6253 8560 5956 4232 303 7510 1748 6937 8101 3676 6751 2261 127 1550 2249 3107
28 2234 2163 8366 9685 7707 3412 6731 2637 9362 5235 6800 8505 3127 9844 153 5737 8519 8041 3142 5807 4563 6986 149 4138 3906 1727 6598 5208
27 5454 9328 5889 1037 8083 2664 8991 1804 2613 111 7243 822 2852 1188 6175 5790 299 444 9701 935 5902 349 1347 2567 587 7593 2783
28 2922 5524 9942 1205 5855 1260 5522 3741 8423 1193 3105 7935 5497 7623 1517 4934 5056 4847 608 5094 3270 8014 5286 4608 806 9723 5551 3517
30 2772 929 3878 3260 3932 4716 2359 9565 7316 6740 7743 7802 6434 4992 5833 2837 6075 8401 414 2754 6394 5871 4283 5300 7505 2537 9991 8583 6656 9741
31 8033 6891 3551 915 9352 2353 2519 1487 3625 6162 9737 2028 9979 9906 7792 3441 2060 8221 7218 7079 3414 1992 3413 7465 3838 6324 1393 3962 4962 6055 6479
29 8103 5370 9460 6231 6563 7980 606 9380 2477 1118 4898 2153 8752 5265 9547 4434 6302 1336 6964 7780 6641 8229 9205 2072 8810 9894 1916 1106 9969
28 4172 5955 7402 8624 879 2024 703 0 530 6795 5514 3670 4002 7247 922 6696 4819 8480 1903 4513 562 8923 8853 9572 3014 1010 1484 2791
28 5634 377 330 2469 4126 9915 4486 3587 1609 7812 4460 300 116 710 1401 4414 5531 2910 1291 9532 2605 4537 5776 6499 1119 4872 4516 7272
28 6428 5262 552 7894 4622 73 3804 5742 8642 9363 6574 3453 8345 4288 6692 938 2290 5617 9911 3296 7017 9680 4850 9759 2834 4548 5877 5320
28 7245 2766 1816 16 6869 908 2838 9880 8262 6690 9917 2946 709 6060 8761 6380 9169 5098 370 8 1478 8449 735 1951 6503 4683 7654 7534
30 45 5354 1365 5675 5668 9752 1787 9356 5784 5748 8588 1218 4844 4100 6811 6345 7238 1606 1906 7476 549 3736 7954 4324 8308 1786 1975 1655 7903 7756
29 8854 2091 1468 9251 2239 5949 4903 6244 177 4289 59 6590 5281 412 9002 2237 449 6512 3754 1823 4330 4920 9013 6702 37 1279 5285 1211 2661
30 2368 9594 1437 3383 1417 2013 7607 7513 1657 8993 2646 2924 1389 2577 4420 4317 3400 2945 4404 2602 2742 6834 3087 2566 7287 2398 1509 3328 4881 9700
28 9475 9890 2297 656 5516 3266 9242 173 3430 7765 5175 1206 1085 2657 1392 6698 4438 6039 4991 6219 162 9849 857 7517 3041 3161 764 2367
28 5679 9960 4797 502 906 4933 132 2242 9491 4500 594 3058 4689 7701 3941 8908 6079 8396 9920 6896 5414 2575 7073 2751 3354 3421 9650 1627
27 3042 280 6461 2715 2430 4355 1009 8517 5838 257 5279 907 9694 2342 4113 7994 8571 3788 5321 2764 4463 7440 2885 1634 7029 1875 9192
29 1666 3860 6729 3333 4777 2101 3573 1299 9853 2595 2522 8294 55 1661 693 6350 5248 6045 5977 8656 1814 2363 8169 2197 5936 9164 1184 2386 6511
29 5266 9814 7030 227 5127 3702 3118 5619 3040 4083 3176 8617 8159 6213 1761 8135 4970 3085 6958 246 8021 9722 7252 9342 262 3601 5928 1551 8009
30 6440 3611 8543 144 4219 3764 5654 456 1735 5757 2552 9815 8347 6368 7509 9091 5268 4800 5640 9749 9026 7686 6636 8836 9025 9912 2544 2829 4418 3767
30 3039 8453 6154 8781 7481 3557 6746 6990 1194 4263 3166 8623 2647 6115 6298 9763 7199 3599 2407 8626 3445 4675 1501 2553 8823 7970 8916 6633 341 7021
29 6613 9561 1021 3867 5151 2166 1639 3486 7392 550 4652 4047 9092 1796 4161 8475 492 7676 905 1803 3140 9402 8905 3084 892 3311 4998 6264 419
28 6198 1817 9200 7020 4144 2801 3326 1253 4432 7484 3286 8611 133 3942 6706 4814 6649 8367 1582 6870 890 9318 3996 6688 8846 3092 4512 8096
31 2440 1204 9992 4091 2963 8751 1913 9504 185 2322 3215 8655 3110 3490 2878 7612 1726 9564 5567 9534 6505 9000 6071 3538 8104 5091 44 5747 4257 869 8392
28 1434 3562 2241 1139 3844 4697 970 7393 1354 1883 1104 3553 1934 7532 5947 2193 5590 9981 8984 122 458 8411 932 8527 5536 3653 4791 5561
28 1179 3968 687 598 5598 9096 4278 9943 9619 7629 1189 3298 6378 3759 512 8373 4244 1652 967 945 1982 2079 5764 9563 8501 7474 9163 1445
30 8019 8546 1805 5997 5258 8966 704 6686 5406 290 8358 4519 3975 8248 8255 7265 1221 3890 4812 9875 5267 8664 4484 6273 1790 3649 9422 6524 1665 2254
28 156 1764 9117 3312 2526 952 3755 9989 3604 6535 4997 7950 123 6601 3061 3463 7795 7236 440 2473 657 5762 6281 4907 6577 396 7764 9873
28 6812 94 1348 26 3763 8237 3332 851 9182 6236 2955 8147 6997 8691 1223 5214 9409 6962 2702 9965 8030 2856 8084 2311 5471 5960 8819 4347
29 1711 4671 1339 3694 3954 7723 8924 499 3715 472 3379 3055 5803 3981 9552 6837 8667 2929 6528 7506 1605 9550 2612 5996 6002 5593 451 3059 4361
29 1134 1833 5149 487 7650 171 6634 2136 8876 1020 7761 8191 9216 4511 1885 9344 6432 6940 4609 7732 5676 3862 2117 7520 2214 2523 5970 2879 7341
28 5876 1938 2442 3005 1558 1293 5079 1420 1679 6697 6582 5890 9414 3220 4177 3512 7823 244 8822 8785 2476 1443 1685 4411 1820 7631 2561 5723
29 1566 6956 5041 8356 2293 4156 6027 6395 6944 8211 5749 7672 322 3629 9207 2348 86 7622 7881 3007 3792 6536 6723 195 9253 5466 4698 3957 4014
29 2758 4574 5324 6864 6748 2144 6304 9394 2541 8783 7955 6914 7766 5428 3974 7948 99 3370 1161 1578 8138 9656 4558 3994 6317 3930 7478 8784 4747
30 5959 804 1035 5511 9039 7232 2394 7065 2679 4229 1872 5501 39 3121 4294 8140 1535 7836 6760 2592 8380 5544 1232 1974 3510 6356 9535 9388 9607 6216
29 9151 5160 7235 7421 4 3744 9391 9456 2853 3234 620 5192 1163 2092 4045 6398 3672 9683 285 3372 3935 4859 4267 714 1333 8060 4354 655 3748
30 5604 4260 5967 288 9416 4629 1236 745 8911 685 4577 4489 7068 1320 6735 2615 6904 1536 8319 1741 976 3178 8280 9972 2883 9633 4981 6371 1315 5885
29 9861 7186 3937 40 1080 1681 489 7347 5302 6160 5222 1708 258 7308 4743 3108 5730 3820 4305 4016 7507 7198 6852 2865 3752 1396 8959 4345 1508
29 4467 8267 2335 3324 1059 3283 7149 4350 3934 2624 4579 3825 7554 5219 8650 7171 8200 4555 1931 4719 6132 3230 8344 9948 9557 1937 9765 6332 7555
29 9832 8502 523 5865 6234 3623 6280 7239 7227 5911 5142 7503 4582 2033 1103 2508 193 8336 3473 7479 8930 3206 9061 113 7713 12 3030 3913 7652
29 9738 1187 8432 1983 4436 6113 5783 4597 4809 6328 1259 6210 8350 2465 673 7310 1616 5884 1366 4786 7547 7451 5792 7019 4297 9099 951 6061 6051
28 8725 482 3361 1818 780 5726 2622 4387 4589 5700 3078 7334 5441 7001 1914 4421 183 5205 3244 279 1432 3200 5234 9978 7604 2385 1678 6806
28 2863 436 6093 1700 6000 7637 5424 4465 848 3850 1000 9051 6429 7962 1137 3343 1495 1523 3976 1332 9048 5872 9881 6222 3406 7938 9724 3952
30 7080 7855 3833 5537 9669 4001 1592 2574 8914 1219 8330 9964 8337 6721 4633 4230 1469 1632 840 3245 4554 2347 4075 9198 7052 4877 3457 1991 8964 7207
29 3883 5325 9257 2263 1429 6753 8569 5457 3500 1269 5350 2178 5830 2463 3828 8422 4727 7591 5246 8459 2023 4022 9369 3577 5677 4666 7677 2371 5681
29 2150 3265 5492 7384 4560 6844 3917 435 1603 9270 1852 7776 5124 4376 4423 4551 5695 2312 3253 8054 9396 2816 2377 1318 9124 616 8024 1522 3006
28 7318 8404 9820 2916 2506 6876 6519 8577 1897 6037 868 5488 3622 989 9355 903 6050 7003 3255 28 6825 4624 1995 8637 3274 4793 7178 2338
28 691 4634 7448 6655 3417 9721 9055 5506 7869 4888 2651 5083 3795 2645 6426 1382 2130 1156 1265 1252 3965 469 5709 2964 3940 1601 1313 1397
29 3516 9718 9361 7864 5826 7249 147 8737 6979 9733 8689 7352 3846 2017 2576 1142 4902 5394 3293 2022 6529 6126 4613 8902 7618 5633 5543 2213 7911
30 5455 4581 6245 5153 2860 706 6710 9585 9939 1620 1089 7131 8967 7989 6945 5727 7700 1088 4654 1591 7646 5626 9210 7461 7972 8994 31 7801 224 7577
29 7678 6791 8740 2399 8540 2147 5706 7988 2310 943 5474 3603 2355 5782 7557 7053 4838 1645 8233 148 9926 8428 10 9032 8979 9927 6626 6546 63
30 389 2198 7787 1407 2965 8575 9494 4116 22 5293 7614 9839 9809 9250 4578 5346 6930 6009 9567 3248 4770 1569 7274 7600 7524 79 378 7123 5410 6491
30 6130 9194 5209 3618 9175 6681 7158 7526 1821 2274 9889 4130 8857 9655 3199 2220 4258 335 3327 8300 5697 5866 1859 2374 4510 1626 3663 2481 7747 2288
29 8980 1831 2874 6493 9899 6481 4730 8873 4545 7038 1668 4153 8616 7620 3175 2185 1511 1195 842 6900 8704 8354 3070 8742 3369 9041 769 1851 9510
28 2995 2146 5049 3302 5128 229 3267 4969 7927 8627 2558 5064 6813 7157 3568 4213 4737 2972 7848 631 4725 7193 2074 1874 8695 5685 1739 3375
29 9058 5030 4236 5898 8049 1123 4304 6299 7561 4889 4163 881 292 387 2500 1706 7385 7221 3046 6127 3475 2628 3725 9374 809 4459 5276 6235 1990
29 9053 957 9366 7638 3259 5724 4252 6267 6615 9314 8466 1215 2705 8509 1458 7556 5487 6487 3638 3751 3749 4462 6239 2427 2844 990 3468 1235 8694
29 7643 3720 7793 7394 9130 2049 7286 2673 8463 6550 5071 2373 7377 7237 4713 2540 3129 5081 8116 7093 7634 7434 1018 2978 3493 5907 6266 4256 7049
27 187 6021 528 3044 8936 5 1238 1012 4931 3742 6354 8231 5450 4637 3886 5174 2690 4595 1844 410 3572 2953 7730 9613 1540 283 9982
29 3190 9440 9568 5534 6922 5671 690 2313 2207 8603 5547 6252 5352 9792 5230 9196 2708 3960 3728 8692 6605 4849 9108 9221 4196 796 8187 3529 2084
29 3183 4759 9868 8797 4442 593 5901 5670 2489 1120 7942 8222 9303 4098 7431 6282 7546 5419 3031 6270 2222 770 3578 25 8247 9347 2789 9403 7899
29 4904 4349 5069 7335 5207 6278 2058 964 8645 9949 5119 753 6552 7589 8814 9935 4676 1537 8171 9085 2750 725 9536 8648 2667 196 2999 3956 4594
28 3425 4494 281 7244 7543 7728 1689 3420 9781 4691 7407 9952 6367 3269 5426 7558 4059 1584 6307 9386 9574 8075 1479 5985 4580 8317 6561 6441
30 2717 3198 6879 8875 9702 1644 8108 9961 3513 7111 576 5793 6672 4266 5063 8137 3684 2631 3013 812 9730 9432 2880 622 9508 8203 20 2907 2493 8753
30 7849 5233 6600 4769 5298 7790 1095 5596 6764 3785 2055 5327 5249 1490 1294 9326 9617 3869 1073 6863 3761 7269 4729 186 7523 1305 47 2075 212 7414
28 6885 5147 3772 5247 9612 5251 610 9898 8840 3398 7082 6585 4215 5820 3211 6851 7248 8684 4686 6608 4755 5217 4326 2962 3710 3816 8412 8314
29 8232 8961 7031 4214 9967 6464 630 1149 2960 9093 9035 359 5259 4862 5540 5076 8461 5385 7762 4711 9132 7892 6911 5402 9710 8484 2895 2582 2103
30 9822 6227 3119 5914 422 5860 5166 4282 2266 9808 4483 1986 8562 6178 3321 7276 3137 8087 2792 3718 1510 1513 9379 7486 8554 1939 6303 9580 9838 7690
28 6340 7545 5555 3278 5182 1740 8494 9648 1767 2061 7409 3035 8821 7150 9381 9673 830 1941 5468 2871 7497 885 8622 4042 6360 9505 3159 7774
31 6430 2648 1691 6778 5566 5086 8651 5228 1888 3156 4792 8573 8734 3435 7118 1452 9290 6111 6884 5651 9896 8161 2172 5888 8010 3713 7616 8895 1607 8470 9138
28 7851 1030 5966 3064 3150 605 3114 8264 1602 5322 8214 9677 3488 7005 6433 3073 8028 2492 3776 3967 5788 2102 3712 1538 3547 9474 3826 6135
30 3448 7642 4701 7309 7060 4710 2236 2782 7768 2179 7374 1526 9871 3094 1936 5104 5924 6180 5614 5655 342 867 146 5305 5342 1981 9244 7008 2530 9932
28 6056 2830 4057 9797 2396 2768 6618 2748 2247 4247 4292 84 3416 430 9923 3853 6807 6494 6527 9897 748 2579 4468 4320 1958 1486 6320 2719
30 8172 9688 8850 7698 3811 3036 1612 7777 3192 6296 3313 8808 3631 7072 5330 210 4373 2462 8158 1845 5605 5494 5576 9503 8770 4517 2345 3218 3422 7917
30 5371 1568 9166 5377 7575 9590 5022 8572 927 4588 6711 6318 6814 3303 6044 1409 7564 6617 2319 591 1284 8173 3165 2340 1716 581 4947 1323 3918 6413
29 2870 5645 7946 417 540 4476 4181 3272 5274 358 373 1158 7958 6386 8886 7844 3677 9560 4321 9266 8817 6067 8382 6355 6478 486 8731 9444 6088
29 9145 2156 6347 665 8273 375 6452 466 3489 9267 7330 83 2897 9833 9279 1094 6611 2445 2806 9779 1901 8059 4242 9977 978 1361 9987 8402 202
28 2223 7794 9695 8586 291 9625 5683 2450 4194 4110 203 6927 2389 3011 1892 8926 5594 1763 3880 6140 201 7391 6774 3219 8845 4352 4556 4690
30 2584 8372 6597 8592 3659 9095 2279 3001 6747 9660 5407 995 9332 9007 8020 4371 8780 9119 2411 3371 2192 8301 8357 1506 8510 3459 4412 2306 5930 3143
29 5254 2381 5941 6928 9806 1515 2710 7866 2983 3069 6069 7039 5405 9280 9959 9421 418 650 8495 5636 7797 6642 7389 2109 3450 7746 4384 2807 8180
29 4114 3452 1067 6936 8530 397 5323 484 4640 619 2030 872 1933 6192 2114 9430 1927 8414 5841 5458 4928 9493 1646 2437 2115 7192 4561 4897 2217
27 6975 773 3630 3855 1241 6379 9235 4953 7390 6138 2643 5894 5808 8550 1887 507 7350 742 4007 3294 699 2491 2211 7156 8986 3530 470
27 9141 3782 9940 2195 5436 941 3803 5090 5070 648 4212 9769 382 9232 4750 8843 801 7083 4781 1388 267 5120 4531 5950 7470 7270 7260
29 6096 2191 1712 429 1197 6657 5580 3299 1871 2835 5584 4136 7459 4218 8254 254 9040 5692 8199 1757 8570 4816 5319 6659 5173 2275 448 3106 9556
28 1111 6257 2554 5129 1422 2212 2057 5170 2289 5355 1011 7108 4612 1352 6846 1272 3805 248 3089 3017 5264 1328 8542 9934 4600 5432 6732 5921
27 3660 7382 8177 8566 3331 4628 7605 7338 2303 51 8067 3407 1405 3464 8762 9312 9419 1910 7070 2733 9715 7895 7354 8803 3120 4714 6179
29 4891 5703 2803 5740 7230 2352 2138 8791 8076 3130 8602 2656 4930 7588 6483 6365 1977 985 9345 9693 1008 8863 7301 6569 2422 4619 3138 4254 4576
28 7320 3210 1768 6699 8833 7144 5693 1865 7748 219 9921 7645 2877 339 2704 5775 9469 4865 6839 8086 151 9879 1841 2393 9542 2119 5029 6906
28 2600 8183 8080 3322 653 7381 1243 7981 2843 9919 8859 5828 1829 2010 7763 5040 538 2131 5061 4333 8136 7498 6431 6136 4913 2059 1791 5453
30 295 5097 8710 3679 7151 1985 1229 662 3429 8723 8013 1329 1698 909 4417 4167 4328 6758 536 5931 3964 7254 5710 3257 7601 5110 8830 9094 3857 2497
29 9191 8085 4390 5794 9636 6005 1441 7464 1932 4575 1676 8260 6773 4081 8883 917 407 4738 4451 4806 6122 4024 8922 4733 3614 5870 3589 8216 2149
27 6781 4662 6640 3172 5226 3733 4307 4734 5802 9254 532 7009 109 9672 2151 4129 3891 4911 8525 6019 9468 5445 4631 4702 2616 5257 1099
29 3636 4107 5771 5345 8282 8471 3836 9238 800 3304 7472 7275 9218 1544 4813 1636 1391 4557 7578 7624 5111 7293 3469 8576 859 9001 2911 1928 7471
28 4967 7297 9635 7219 9751 504 3541 1433 9289 9274 8258 9704 954 3028 5373 8764 9587 2723 1729 2932 3593 9063 9686 235 6901 2915 6663 1154
28 3353 2563 7222 3501 2384 9139 2221 1222 141 6277 4665 8284 228 3251 4598 9877 7081 2174 3732 7627 757 2160 3352 5813 103 8298 7655 9784
28 5482 8669 7397 6092 6445 9678 2301 4377 4017 8912 8894 3273 3356 3778 6228 6545 7898 2663 5463 2127 6831 1687 1297 4366 9285 8750 788 4771
28 3187 2517 5984 7458 2479 5990 6427 1944 5861 6268 452 5289 6612 1482 1052 3213 8310 7433 2490 2366 7827 9602 8811 1812 7090 3083 9697 7540
29 4611 688 9037 3914 2767 3757 393 2238 5253 8483 8224 2426 4295 8963 7363 5652 2111 4541 326 1940 3793 7594 6579 1877 9788 7731 7174 5284 5107
29 2849 6982 9591 9755 5244 4718 8281 5218 3882 734 8153 6238 3798 3317 1963 1457 5643 2047 3615 9429 4876 2159 217 4790 121 2779 3289 7362 124
28 820 625 6720 6935 3866 8277 221 43 743 3648 3608 7423 7990 8038 8630 4139 9297 180 5799 7095 1703 897 9813 7453 7858 166 5591 3444
28 9581 5535 8434 276 7084 8439 53 8454 3465 565 715 1182 2685 7288 2424 8095 8534 755 2045 8457 1949 6467 3447 2046 9900 7843 2786 6164
29 8598 2996 6214 3643 6910 4165 5610 1151 8460 1132 2802 9502 2520 5848 6414 758 7737 6124 4475 7710 4208 346 4342 7128 2721 8164 2487 1350 5638
28 719 3384 457 7922 434 8266 8727 2794 7755 9126 7209 3548 237 3806 3096 8168 6334 4070 992 7504 364 1658 2336 5359 7106 7089 4832 5204
28 7138 3756 1364 4067 9984 1758 6794 8239 9495 4174 8794 2891 9179 9010 2845 5758 8972 302 7133 9944 827 1529 4979 4490 2572 937 3868 1793
30 9392 9446 5952 2557 9052 6556 8375 7296 5105 925 4124 9983 2262 8426 1719 4839 5958 324 8107 6777 9028 3223 4209 8940 2104 7518 3168 5789 1690 9212
31 3016 9696 1125 4751 2140 3323 6485 8834 6389 4193 1082 1349 4440 1695 6010 6836 8787 3939 6768 7975 2344 5087 7420 5735 876 5571 6920 7741 8290 9860 2894
29 6507 9445 9336 6635 7744 4084 8526 9272 9324 4396 8760 4591 4825 5761 533 7013 3814 325 8563 7640 7669 137 880 3559 6011 2105 7729 7697 2504
28 5588 2765 7871 874 3524 1016 5224 9477 4672 4079 5856 6893 5292 1262 1553 7893 9852 4406 5415 5139 2073 3053 607 6339 9134 5161 7194 5707
28 5832 1492 7695 2971 3907 408 4137 4874 2176 4856 3606 334 9278 5048 5202 9292 6850 912 4086 7067 6913 3861 8323 7683 6921 6762 1150 3555
29 8141 7132 3856 1014 7279 571 2677 7299 7369 8641 7455 546 5000 4985 406 57 7196 3204 1623 535 6349 3338 6848 7754 8032 6506 6776 1738 4539
30 9106 3832 8205 7475 968 7519 6255 2439 7840 6562 4885 4272 7122 6145 8661 777 7491 8190 8773 5272 772 3600 8405 3309 6899 4287 2054 3522 6564 7722
29 3249 5944 6992 4006 5658 7667 2154 6817 739 7876 1564 3310 1091 8279 169 3567 4054 1502 9511 776 4234 9305 4265 2638 8708 172 6755 2215 8629
29 681 1415 2330 2012 8063 7621 6105 9622 1725 7580 6531 1493 4147 4090 2939 367 9323 7217 2164 4441 1026 9206 614 5017 6828 677 2400 2668 1289
28 2038 750 551 9019 6237 9241 3033 6309 9954 1671 7032 4456 3705 8489 623 3605 2364 5422 9758 4464 6923 7224 5039 9082 6169 3758 8443 6202
29 6570 7205 9441 7636 7442 1462 9825 7110 8251 8238 3835 4168 1524 1280 6716 8490 6530 8196 8016 1379 4285 1072 783 2177 8522 41 3404 1001 531
29 327 4830 1247 4068 5696 3405 8293 7467 8235 6584 3545 4293 5395 8826 8807 2324 2206 5239 1240 6775 7550 6514 3750 8962 4255 8146 390 5481 3554
29 9351 90 7015 5237 6983 1380 2429 9485 2728 4457 6847 2735 6460 855 5015 5067 4340 5541 2229 4763 4854 3624 3699 6053 1815 2514 2123 1503 3436
27 701 6557 1040 7648 1152 919 7327 80 2142 2722 6989 2826 5411 580 6220 9893 1224 8156 6043 6259 5437 808 1728 3993 5859 6810 2507
29 1826 9764 4765 2228 1608 9761 8500 9892 1098 9634 2260 8931 8538 7025 337 8732 1050 8155 5043 3690 8662 786 7687 3163 5812 9320 5507 7294 9527
28 3592 8128 3460 3987 3620 9777 1674 975 2403 1039 6856 8008 3134 9501 965 7126 1886 8321 1190 5362 1987 6066 7714 9962 3451 9971 3188 4329
28 7674 3827 5973 4650 1024 3122 590 7379 2233 871 8213 4290 7007 6114 2617 5577 1173 6315 7208 5047 6401 8508 7658 2991 7923 2848 2532 1864
29 5835 474 256 667 5333 2339 8957 365 5296 6572 8122 1557 4344 3685 4748 4365 6119 649 1216 9516 4220 242 459 5946 2718 4224 9152 3870 6422
28 4115 2583 8027 460 5520 4082 5912 311 5301 4638 521 8801 683 6006 3389 1383 3376 3408 6734 7821 1979 2619 4505 2533 5559 5844 7978 7162
29 586 816 8492 9042 7116 785 3783 8920 7483 8040 8499 5550 4428 8094 2204 2006 1876 3319 1338 9195 4206 7862 5085 8802 3938 8880 8743 9330 3386
29 3440 9054 4259 3519 3762 8910 343 541 74 2947 8055 8878 6510 2404 5800 3344 8996 6400 1684 6469 8524 5143 8789 2376 6833 6988 6722 6390 6576
30 1408 5336 6959 2876 676 7992 7488 3297 6919 9499 1290 1754 6882 6951 1046 7725 7909 4893 2133 9316 7098 6118 3673 9819 6022 1404 8272 7839 8631 1199
28 7782 9360 2793 6416 7323 4573 9329 7028 4185 4527 3925 2325 8956 3393 9299 4883 7630 5493 6417 9083 5893 9333 2824 6077 2731 7856 2670 8816
27 4182 23 7439 9286 7383 1076 4975 2536 1028 7450 5480 8665 3807 3983 1819 8960 5899 8671 1075 2035 7034 8456 8685 6818 5256 7004 6017
27 7277 2550 9584 2 2815 6868 2840 4394 3821 4158 4833 4383 5108 2759 9712 9810 5806 355 6571 9519 7452 3224 1237 891 3226 1533 3048
28 8044 3181 8870 1860 6620 5020 5499 1898 5862 6472 7036 4882 564 8775 1308 2225 131 211 7563 6333 1902 2655 4039 2095 8981 5280 6639 819
28 3155 4980 553 4802 8234 9963 8201 7541 5159 1307 21 5309 7443 5993 8329 8283 5013 8119 7495 8825 6645 6342 6602 3687 5459 617 4502 1868
29 306 6668 4122 8717 5910 629 6292 9121 9395 9084 465 5509 7824 7838 9043 1135 3896 2658 1341 9626 3466 488 3739 5184 9924 749 4954 4586 8114
27 8078 9031 4951 2858 9817 684 4323 5376 5496 4559 2547 6454 1972 9367 6670 1456 505 1702 3012 1251 3823 3586 5294 7280 5729 4135 5273
29 8858 5326 8415 477 9384 5066 1055 7878 8793 4446 5397 7811 3131 2833 3034 1054 3499 3109 3162 9239 7814 3561 50 6103 1287 6203 5609 1559 9354
29 8544 2713 9104 8120 7416 1659 81 1245 6978 987 2654 6820 636 9081 4779 7271 6170 583 9162 3666 944 7736 2443 6335 8197 8165 3349 9995 8385
27 3873 4805 5475 5134 8906 443 5348 9406 4145 7291 7466 5701 2390 376 1830 1840 8757 7023 6035 4939 8998 8716 1718 1209 6012 3970 2565
28 9601 2607 3899 1590 7985 2401 4627 7598 4341 6233 9771 9862 9311 1314 2549 3662 5287 3329 4405 1356 6158 6548 8302 218 2170 1270 6217 5486
28 3216 3929 7173 8130 1907 740 2745 9457 3683 4062 1799 2066 1744 9024 2979 7206 7292 3539 3077 959 4971 8388 3135 2269 5215 9358 4685 6065
28 3491 6543 4994 1520 5181 5542 8093 9936 2525 3340 8628 1460 8855 2984 6742 5731 6353 5816 5708 6023 9541 9610 9637 8567 2510 9452 9410 5823
27 1579 1130 1556 9632 8820 5867 8328 9986 4799 2280 4720 8591 8925 6418 2125 9209 6946 8827 7582 2958 5172 2529 18 856 6159 2380 6865
28 4523 5673 6610 5476 6030 9484 6985 6866 689 6412 4990 8106 6143 947 4207 9525 5060 4499 2361 6089 3947 2294 1682 3717 8953 953 8715 2681
28 4119 3288 416 1410 2578 768 6437 9186 974 2867 778 2859 1621 9177 2251 3409 5825 759 4159 3966 5814 5316 2405 6745 3760 8236 2957 2994
29 2586 5557 6888 4896 5585 7974 1750 6212 3711 5012 5781 9908 2825 8352 5075 2372 6223 3068 7040 6788 6373 9313 6455 8965 1580 5549 1105 836 3642
28 9180 7566 1330 2304 2930 5883 2096 4315 9425 7401 8677 7282 5200 877 7233 7172 618 4162 8973 672 329 765 6465 5660 8018 3057 5635 1993
29 3831 5837 2785 7929 9079 6677 5144 6816 402 8506 4370 1837 1889 2124 225 1029 6072 8860 4570 8804 5078 9102 6391 1372 6631 1518 2329 6513 1185
29 3766 5388 8971 9930 3295 4248 9955 7880 6163 8150 8917 7928 1371 1701 643 8578 3740 4085 8259 2665 3052 6081 2089 5719 7457 192 7435 9100 977
29 1813 1539 5528 9304 9520 7176 675 9172 6331 5055 3506 7785 239 1418 559 8051 1169 1450 5920 2831 5753 11 1686 7332 1428 8374 6830 9481 647
30 3709 2086 4773 350 9076 7957 1138 939 6854 9798 7462 9812 1908 4906 6024 4918 7587 4109 6104 9465 4894 5421 9775 5088 5728 8515 5937 5618 6969 2659
29 1999 1143 3027 9804 1465 6966 6676 3195 9220 3908 4732 9497 2019 9008 1068 4027 7365 5357 2259 3428 5203 7263 6917 88 6916 940 5375 1954 7417
28 3922 7511 9756 8890 5148 6766 7375 6652 2846 1207 5951 8824 1962 6996 4276 6438 7912 4534 8056 2696 3509 6316 7048 4360 9863 9748 5779 7936
28 577 8383 5653 3099 2323 1677 9439 5315 8182 4095 7195 8861 7740 539 234 6521 9659 6739 8674 4253 988 7905 5575 9878 2703 3101 7608 9418
28 8786 8504 2836 4717 4200 6580 308 1707 1326 2083 9545 8755 2316 2944 6502 4845 2216 478 2596 495 7444 8635 5225 4008 6181 321 5897 7907
30 6042 1599 3258 4458 2350 9428 4076 3669 9725 2937 3774 9529 5818 7340 4583 4943 7307 4623 6387 9867 4649 6568 1475 3521 9661 4407 5344 1615 1697 7187
28 7653 4949 4754 3560 8193 7668 4298 5223 8398 135 1435 8413 8115 6399 3723 2187 7803 2070 9676 8795 1157 1699 4176 5016 7544 5491 8589 7775
29 8424 8394 4808 6117 1505 8765 8368 1344 1730 7024 7816 9780 8659 7388 1771 1413 2315 756 1246 9946 3843 142 2784 3998 8712 5787 6094 845 5517
29 3875 7047 5245 7120 4455 7485 6500 4472 1127 110 161 8437 865 5840 8378 3525 6714 6724 1625 5179 7945 9744 114 2884 6761 4695 5698 126 4300
30 526 3104 5503 34 2640 3391 4817 5188 7675 6186 4055 4040 4101 2720 6684 8341 5519 635 904 7425 3916 7057 9399 2545 5009 3936 4380 7997 1367 3232
29 1808 5613 1751 1614 837 7408 6036 6218 5900 3813 5647 584 8666 2817 8362 6991 3552 8921 9401 6458 9649 5765 1374 105 621 501 7921 5836 5255
28 9413 9662 810 1051 5117 3318 7538 2950 8687 3388 413 8047 4379 8185 4226 2326 6146 613 9480 6020 1984 8430 8127 9620 9582 1015 2431 7886
29 5014 8472 4757 659 2914 2775 6551 6361 5343 9690 4281 9703 2416 7682 3786 2475 6802 884 5980 5288 6034 3523 6926 9181 4884 8068 9687 2556 900
26 42 766 4481 3373 6421 4514 883 1485 3320 5440 7525 1128 9261 7493 6451 2692 8313 2726 3000 2196 1129 5521 5391 8987 2444 8887
28 1717 8121 128 6032 1239 5478 1368 5878 1301 7091 933 5766 5600 568 9616 8999 3884 7628 4879 8048 366 9608 8818 6713 7738 2268 4866 8909
28 9168 159 6754 3746 7769 4530 2644 3439 4044 3487 718 1395 5852 5664 914 2278 2292 2029 3973 7446 5933 9859 3688 2257 4840 2902 6898 7326
28 8220 9038 1113 2037 7177 682 209 4880 3532 1683 9482 6581 4919 866 369 2108 6905 3852 4846 9341 6592 372 3948 8241 3779 6823 8360 4331
29 9049 8607 328 9699 2756 4784 4309 3854 1777 1519 7190 9526 8813 986 178 7075 4549 8837 6939 6736 4982 3526 8772 5538 253 491 950 4871 7527
29 3387 7337 8026 1275 9454 1923 3479 6409 7142 6523 9420 3315 1747 4601 3700 1453 7758 64 9509 6789 3357 2461 7567 7734 2498 5032 2143 4635 6172
30 7418 3632 4766 7689 3951 357 4867 1414 4089 8005 1555 1431 4019 5834 1056 5504 3963 733 8720 6678 4670 9578 139 4912 6799 7644 9148 6184 4526 7947
29 9159 1512 4170 2305 779 3292 473 4745 2318 6860 6609 6191 9750 5080 2056 6338 7778 2200 6120 4853 7685 5607 6254 2483 8555 1798 8225 4965 2980
29 4078 1359 3701 9385 3367 3411 1373 3079 1541 9149 323 4064 4028 4658 2790 4617 2077 2226 1376 2700 2598 7535 5449 4336 3800 1881 9767 2456 9204
29 175 8545 9913 479 2253 8584 6566 6286 1064 8476 9760 7213 3095 6026 2741 4378 2485 762 6336 8496 6934 1843 9657 3426 4584 7050 8070 825 3634
28 6423 5383 3579 2940 7295 5102 1203 3170 5369 4542 2590 4565 916 2632 8871 9483 4740 8900 5431 6984 1078 2503 632 4381 6667 6883 2901 5666
30 8995 862 7569 2933 3612 9937 9540 8022 7163 5183 8944 4504 9372 6187 1249 8990 7750 4493 7333 8767 6297 6047 1570 826 3729 4688 9064 5489 3334 6575
28 207 9213 5136 3903 6275 5896 5796 1322 9437 7597 1226 1709 1303 5817 5027 6629 6376 5810 4498 7366 3115 4173 942 2927 5569 9615 2016 3116
29 4935 839 8297 9811 9263 4553 9546 8741 2601 4363 7522 3515 9739 3010 895 4080 2110 5340 6199 3342 136 3864 4485 5408 7281 8376 4237 2585 6730
28 9014 4397 3534 7752 3953 9115 163 7800 2158 4264 1419 6648 403 7712 1494 7102 7888 7437 2886 1201 5858 5145 1447 8777 5805 5054 1946 2388
27 2851 7006 182 3385 1863 1562 7842 8532 5439 8593 3892 8144 7312 3609 3250 8370 1789 490 19 9234 2356 5785 2694 7477 5398 8640 496
27 102 3169 9470 8438 4152 232 4828 5772 5278 4726 8862 6954 3819 6757 9252 3047 9426 2625 1884 7819 6679 661 9713 1705 8978 6650 2436
28 78 9288 9747 7253 2051 7430 2018 3651 2832 7268 5983 5791 5198 9185 4368 6362 3799 5399 8230 7051 3874 5358 7799 754 8110 6028 8548 6625
31 4768 4474 9522 6382 2085 4983 8970 3556 4117 8728 3362 3194 8455 4382 2800 920 8175 3971 4103 1624 3566 3189 8719 9036 4783 9277 2093 7223 8945 3808 6091
28 7584 9157 8227 8885 421 220 2531 1306 5975 4204 7345 7941 3771 1838 6998 2043 2447 7684 1164 1722 3726 351 4746 2094 5918 4422 7315 9577
30 9888 3179 3681 6463 4966 873 2468 93 3984 1839 7661 8215 5018 1126 3390 2981 6644 6518 3184 4842 1850 5620 1041 5221 4721 4337 882 7934 9431 969
27 9435 1942 2332 4099 9754 515 5125 1525 7078 8325 2928 3174 5854 1905 274 6384 7808 6443 9230 9357 5518 7998 3214 7107 3072 7854 4659
28 2209 3492 2954 4279 2343 3186 6859 8646 194 6606 4374 1742 924 5962 3692 9630 7129 307 4899 7599 8881 1586 1527 3208 426 4827 5178 2494
27 1574 9589 2649 8464 9268 9165 6643 2797 4562 8988 4435 1003 2014 9796 2888 1225 6110 3252 4668 1362 9623 8192 5582 2448 8574 7165 4131
27 4189 4433 9646 3268 1210 9147 4673 2027 468 9562 1825 6085 6908 8601 1416 6106 887 646 6247 3617 6733 2729 8520 8409 3467 5953 2630
29 8946 2351 7014 3682 7367 7436 2258 6752 36 5704 7257 2857 5417 2413 7012 958 6396 6343 5927 7959 1945 7092 4426 2250 8002 3207 5513 5044 2107
29 934 5130 8017 5461 5940 9549 8012 4273 6793 3678 7336 1402 5451 2730 48 9823 9103 1565 9644 7 5328 9691 8243 9020 1543 1446 6404 2810 960
29 7426 2698 4568 108 2755 6504 6262 1854 674 261 5603 997 4835 4343 7692 7212 7733 2173 9611 2515 8361 3990 9450 9069 1266 1385 7966 7885 3810
29 9189 275 1746 1036 5612 1264 4788 7201 7960 1121 1545 4201 6449 1650 6337 7586 2015 9066 9624 4924 4429 7904 8126 8929 4369 8559 7246 7066 849
28 1141 7229 8152 2524 9378 2168 1430 8913 7489 4758 8904 6364 5412 9300 8864 2369 1488 381 2118 7398 9639 8474 4319 6838 6783 7817 7537 8465
28 6229 7704 6151 7449 5968 8663 899 9183 8518 8974 991 301 8448 3449 522 2300 6078 5003 1955 5754 8209 7445 1112 1378 8516 340 6680 9837
28 3153 1734 4239 5263 6718 1994 3644 6436 1007 3228 8815 1044 5306 6375 9283 9513 7570 8379 6381 1438 4968 2392 4959 8343 6153 8487 1345 4789
29 4466 286 8143 3201 9621 9907 4183 4566 8154 431 7815 7983 9228 6063 7058 1598 4843 8023 6195 5630 3787 6840 9301 8779 1227 7261 4353 4364 9895
29 4052 1062 61 1278 3898 8954 5863 9762 8458 1980 4774 5998 8989 125 8621 2283 1613 9070 4604 3365 767 6517 3374 1337 6408 6447 8941 6942 1921
28 1048 4246 5206 5669 7742 5313 6779 7751 252 3254 7473 5420 7370 7860 305 8688 4106 4706 7168 8473 9373 4000 6981 3045 8100 1079 5915 411
28 2805 8896 8166 7516 8053 9462 3949 4487 87 7062 2763 7873 2842 918 1171 981 5880 2299 3737 454 707 8102 312 3098 2819 2008 6955 7063
30 3423 1925 1956 5881 60 8697 784 2868 4692 8322 6084 360 1023 4410 1968 1866 5642 4780 9017 6691 3809 6196 8202 8433 2926 2505 1022 120 4708 4915
29 6950 8730 8934 4909 1390 7721 8442 8478 3018 5687 9110 5442 832 831 6462 1828 5252 3056 6054 864 6700 160 3627 1997 3946 3734 8105 8387 8696
28 5919 1824 8654 4318 432 1575 4302 771 2680 9308 878 2255 5869 3003 1353 9598 6306 1611 100 6589 2180 708 1731 4450 7386 24 8151 9343
29 1572 4447 1285 4937 1964 9629 8381 6369 8441 1370 332 353 8939 3502 3477 1713 2653 4453 4359 2449 4626 1827 3542 8606 4936 5526 5374 4339 1911
31 6392 4922 8073 7969 9836 678 2295 3335 6419 5168 6276 9067 9993 8721 2686 5994 6147 7124 1047 1654 4202 8869 8612 9298 9603 9905 3111 9642 4518 3633 7215
28 4960 1387 9743 5115 1597 5705 4096 5433 1411 8638 9548 5169 8605 8384 7702 6439 6204 2113 7964 5338 5892 2669 5380 1957 8081 624 4963 75
29 8097 9740 7115 6474 1776 167 3205 5163 2961 2511 8668 7387 5661 5874 863 8148 4756 5741 3088 9473 8705 3564 9682 1031 2778 5882 7002 6498 2623
28 9371 4878 9075 9459 1175 1631 3537 2591 8292 8316 4520 4657 2539 600 5581 9681 5627 9551 8419 104 7530 5019 9523 634 6308 8228 6149 9941
27 1769 7179 6294 9933 9190 8992 8609 6738 5510 2230 9412 1214 6941 3646 3437 3927 9471 9726 847 658 315 898 814 7617 4197 9645 3504
30 152 3235 5213 6889 4910 4393 8756 3103 5053 2071 3797 1919 6388 2165 4851 7184 6492 1351 8643 1043 9137 7302 8252 4999 8058 7152 9080 5845 9109 6787
28 660 4303 2365 7982 2135 1795 3443 1440 2470 230 5597 1045 9187 3730 8675 5270 9047 5688 4056 5335 1755 2934 8179 2990 6532 2716 3540 7460
30 6808 7781 8678 563 817 8615 1276 9223 8001 3802 3565 8253 140 9287 6749 6100 3961 101 7210 8271 829 1476 1514 296 1061 2203 9045 7837 2634 7368
27 4071 1312 7979 9408 6211 1996 5639 356 5314 2116 6206 9389 8338 2287 5037 17 875 913 9938 5715 823 1254 7791 5926 8744 4063 6614
27 6424 8653 9951 3950 2841 4942 1784 5312 6630 8391 6862 5290 6129 5379 669 514 9717 6853 807 2787 1617 4449 464 5795 8682 6960 2528
27 5057 27 1531 3781 9033 7773 8564 1258 3887 5238 1166 4547 4603 5006 6453 5242 9487 8947 3738 2240 9652 4270 7154 2749 3958 7422 3818
28 1587 9443 5334 8118 2614 9974 7022 8365 9848 9327 6188 2100 4316 71 2973 7882 5378 2419 7231 1058 3397 8359 8763 9291 3909 7804 7965 3570
28 5046 2864 544 2570 3050 4053 3300 8553 8541 9203 9842 2986 2276 1952 1170 7656 3301 386 4752 5778 7170 1663 298 4150 6325 1629 9829 7153
31 8849 3209 7395 3921 7890 5829 9097 4722 5177 8036 8004 2799 2943 5404 8035 9118 3271 2581 4033 4645 1710 7283 3789 9840 4210 2896 9353 4841 4940 4111 7492
29 9111 1191 8903 1822 9772 8421 6007 760 5887 9885 5189 9910 1880 4599 2428 7018 7159 7438 3261 7041 4203 7311 9569 3081 4367 427 5667 7841 7134
28 13 7639 554 6155 1554 3610 9803 2687 2542 3637 1168 8892 7300 9455 7088 9424 6726 8425 4572 3337 6165 5250 1900 889 6495 3024 7568 2423
28 6197 7606 5903 1100 1421 9322 8176 2908 4724 6872 2011 6693 2818 6484 2032 5546 3895 3790 6087 5929 9086 8427 1583 9865 2308 4592 3580 7820
30 4764 9826 336 6925 6073 4030 6703 9107 3544 1692 7284 6224 2044 2724 4723 1439 8139 7181 1743 7826 1234 7469 1481 2434 2559 5725 8305 9731 6952 5738
28 7937 8339 4944 8949 9150 6125 2642 117 8874 7415 3863 7076 3124 2682 2882 8276 8034 6083 1400 8212 5995 5873 5158 8533 2712 7371 9782 9770
28 9714 2847 6857 5553 7579 4192 8257 5303 4190 9818 560 6849 6728 7077 9707 7378 3043 2227 4133 7874 6662 5243 8393 1181 2737 561 6279 2451
26 4974 9417 928 4400 4739 1198 6215 6553 5028 3364 3982 1321 58 245 5485 3596 7225 1180 4198 3221 9433 983 7521 3652 2099 4605
27 3590 1893 5965 3518 8693 1282 1998 9415 204 1423 1228 4952 6719 5135 4148 2821 8333 4299 1006 5271 7454 9167 5702 1762 2041 9349 5988
27 602 1271 5529 5116 4286 2106 8673 8528 6015 7328 8769 8482 1774 6448 1496 2564 2839 2941 7325 4102 9605 9201 4798 2942 1255 9544 5211
28 9321 8246 8927 6871 1737 1217 2129 8349 4413 6385 4032 4873 1097 2082 3152 4815 4610 2488 2272 260 8729 3655 3848 7508 9828 1891 9918 6014
28 4141 3496 8170 3698 6407 4009 5052 6446 1759 9178 2097 9247 115 6182 3801 2949 4509 5495 5034 4731 921 9225 7360 4416 7411 3173 282 4977
27 7576 3503 5815 2048 6123 8754 7896 3341 5045 7071 644 4430 5427 3026 3102 9077 5131 4618 6987 8071 2588 5232 717 6637 9573 2956 4964
30 570 7175 5197 4870 3306 5448 4887 9407 7915 1882 5074 6666 1899 7596 1102 2560 5299 9387 1973 6695 3394 9843 206 1183 7228 3943 8218 637 2809 1363
27 962 8948 7329 9966 3455 1165 7349 6274 7468 392 4945 8145 799 4011 4277 5479 5331 599 1101 2455 1953 6541 1714 731 8891 8774 2134
28 7883 4060 9506 8261 3275 4313 2409 7693 6824 5413 7355 92 3065 3747 214 7514 3125 1480 5469 9684 7665 7490 3112 9112 4762 1473 6843 6627
27 4065 7494 1779 1398 3851 8746 996 1895 5879 7536 67 6993 9 9453 5662 3004 4261 6875 4778 727 6116 3154 9667 2709 9586 2925 9255
29 5465 6980 6595 8503 3126 5082 7406 7054 6470 1081 1360 2122 529 1483 2683 278 9197 5295 5150 7783 3282 6107 3691 1086 6260 3859 453 7319 9643
27 7633 6770 6765 8613 3347 971 1904 6547 2001 5068 9087 2020 345 9902 8942 3641 2327 241 3569 3900 4029 8157 6593 4961 5231 3645 7996
30 7662 3025 1842 3919 5456 8766 4948 150 7916 9153 168 8889 4823 4092 6137 1507 7069 4522 6288 9530 9171 668 6370 7987 5665 651 8061 1295 4585 4184
31 8099 9887 2069 1862 4529 4018 1133 8111 9461 902 1532 5904 2050 3290 3136 9800 5943 3650 7829 5123 72 2458 1200 8408 5341 4593 7396 9023 368 6974 973
29 9488 6488 498 6509 3 4005 7361 4478 4348 5843 8131 9689 2148 8332 9217 9609 1736 2975 7262 5641 6243 2190 6501 1375 7705 3355 6161 5418 6148
28 4753 8364 446 1835 4249 738 7359 3037 7045 2509 3817 3314 9135 8901 9668 8975 226 7832 9614 7971 8275 6241 6040 6201 6041 6442 9555 7641
29 7914 4501 6265 8003 4715 6348 9229 3830 4003 2538 4431 3955 609 729 9359 815 2224 9262 524 7241 3597 5025 4409 7583 7807 3583 1672 8265 3708
28 8346 3482 2205 1499 3009 1588 6658 3480 5434 9973 3402 2188 5162 9824 1530 9570 5539 1780 705 9521 4154 1153 7512 6248 7121 4895 2467 2007
28 7148 9136 1924 5632 1855 1760 7891 794 2132 5297 5533 8536 3584 4925 6156 9400 8707 7143 6685 7226 5684 9306 7857 640 6490 3979 936 4875
29 3363 1573 1807 4217 2752 9027 8933 9975 7660 2689 1680 5096 76 9370 8066 3461 6786 8226 9671 5750 3029 9062 1966 1546 9524 7164 9423 1638 9827
29 4322 3171 8977 170 5999 2873 2298 2232 1477 3262 9664 9490 4829 713 4614 4043 2128 8331 4142 7920 6903 2905 3438 4061 8782 8792 6189 8683 4901
30 7427 1595 7529 5387 6790 4636 5682 7117 8000 2415 7419 4728 5770 1176 8334 3063 1114 2727 4035 8839 1273 8181 3307 6858 6293 9805 8893 5712 7806 8799
29 4804 3704 5195 6756 931 5318 1004 5875 3780 4306 7610 3146 1436 3923 7114 361 775 9046 7428 9846 8340 5339 2162 6782 4571 3796 4890 3472 4916
28 5777 6497 9131 9884 4391 9831 572 2435 8700 313 9593 5282 782 1358 4477 5648 1033 7961 6949 1463 7250 7197 4705 2248 3959 7861 5851 6246
28 746 5467 7358 1675 4195 795 1412 6359 9240 3086 2725 4375 6646 213 8713 4051 595 7943 9005 9271 4013 963 5686 3239 2501 5948 9841 1648
28 4852 9692 1704 2244 1053 7715 5435 4642 4444 7097 3280 2040 3147 3812 3894 7033 6653 834 2420 463 4508 3689 6583 485 9143 7214 9161 3531
29 654 7343 4503 7724 4050 4175 1093 9745 3724 6708 9281 1002 1920 7884 6873 5443 9794 9295 9709 1563 4491 6194 8287 8985 3141 2691 6573 5216 2157
29 138 8406 8286 2003 1178 9258 1547 2744 383 3865 1643 7400 3839 6829 5972 6968 4946 7879 761 1561 5364 3022 3478 399 573 1464 5050 7908 5193
28 1965 9447 8952 5310 7625 8072 2920 6902 4385 7105 5530 4443 8558 2977 6544 4855 5746 2341 9405 4787 97 579 9486 5101 2938 6008 824 8805
27 9543 6897 68 9592 3696 8726 5157 9059 789 790 9029 223 1261 7099 5095 633 7353 8291 6604 4233 317 821 8363 7100 3474 4235 5269
27 1577 9850 3339 273 3845 2569 6099 7240 7745 4262 7753 2923 5579 7919 1894 9214 6466 8304 3485 7255 8748 4296 4222 7788 9463 966 5644
29 8057 3076 8399 5472 1560 1025 7185 319 3647 1310 7847 2474 2998 9845 6741 5409 8614 3432 3433 6525 3924 4569 6289 3588 8660 2881 8062 5473 4087
28 9988 8207 7694 2169 7528 4587 236 9571 2064 8477 8318 4914 4402 2551 4669 9507 461 923 1087 2543 5141 5011 1017 2618 516 9916 6542 5033
27 2265 3765 702 1756 5680 589 1160 9675 5822 4647 4564 4667 7809 8348 7779 5755 9174 4372 5164 4245 7818 4036 7717 4228 8195 6269 6537
29 1386 8568 2005 961 9640 791 7944 3520 2039 8877 9857 9116 1870 844 8597 8498 9674 3594 5572 2676 7266 7204 8852 4108 1800 6358 5317 1653 9478
28 1109 7539 6890 5751 1600 4104 2770 3243 4521 7709 8369 6674 9618 6176 7130 9588 9276 7585 3263 9269 4744 5922 5381 8955 6327 7553 2936 7502
29 2378 1846 8134 3598 1267 1257 3703 7872 6312 6329 1256 2052 9057 1459 5909 4471 611 2798 398 3822 6555 401 29 2284 9022 4020 8658 2031 7718
27 3123 8523 5185 1250 7203 5916 6744 1797 6357 4533 2495 9464 1145 318 3639 255 9706 6957 8452 1381 5649 2383 1947 2088 2291 518 4188
30 2672 596 910 1976 9397 949 8410 2674 9554 3784 4334 3392 1960 5367 5606 2869 1057 803 6938 4837 176 6880 1274 8451 3066 3015 4437 4268 5007 7688
29 5500 1425 2418 7026 9816 1283 2918 4950 2161 5568 9720 1630 9249 3368 5152 9716 7200 6403 247 9901 3768 7113 4121 1978 9208 8416 3305 5991 7796
31 2417 4543 191 2736 3442 3716 4093 3997 926 4031 5035 7706 2397 5118 4180 4448 9595 4125 9653 4187 5602 6803 5089 506 8647 8747 8935 8582 1327 277 9346
28 8709 9243 49 9559 1715 3346 2762 5512 9854 4679 4818 4696 6486 7739 4332 2466 4482 7141 179 5979 7145 9193 948 6059 2357 3008 2267 4678
30 5062 3247 9202 7351 5005 7952 5925 7356 9994 1317 2068 7000 4179 1467 6772 9876 494 716 4860 9237 3097 7913 1912 7306 7119 1316 1071 870 8898 592
29 1641 8983 7183 4824 2395 2053 164 8581 9231 5382 1724 2548 5974 1406 7859 7515 2484 8420 9641 4863 155 7169 5981 3706 5527 3607 9968 5227 7264
28 8551 5241 5077 8829 3291 7865 3348 3182 2562 7651 7767 2935 2080 7290 8882 8982 8758 8186 2974 6894 6805 3977 3424 4646 9947 8918 4923 4978
28 4077 6319 3471 9224 6516 6016 91 4524 3777 2243 6651 3360 8015 1451 4488 112 3602 2684 5853 3217 1534 3023 7074 4984 9030 8928 4707 4275
27 7324 1060 6664 8324 3707 8681 7061 9533 720 3989 1861 8335 6780 8142 3753 2714 4094 6827 3395 5743 7562 695 1470 4479 5774 2804 7364
29 4398 9727 4807 2459 2186 4250 5744 513 9310 7202 7670 5304 5694 6352 1879 1662 9325 2432 5631 9337 5563 8676 6694 732 8749 8244 287 8268 6632
29 666 352 2813 9219 7147 2167 4231 9133 9451 4785 7305 54 2699 3543 7973 3401 7681 2695 354 9929 6064 5283 269 5140 4993 181 852 9866 6173
27 3511 314 7042 3582 3164 792 5138 8249 9870 5490 70 1589 3879 8109 7615 4492 5989 9144 9199 797 4403 441 3157 7930 4461 9296 2480
28 3815 6671 4238 6003 1124 5416 9856 184 8848 1083 3794 7188 7846 9411 3495 8599 588 2988 1649 3969 2621 712 1277 3237 1765 9904 3202 9768
28 6603 4166 6475 6973 5868 9909 8620 4205 9531 5023 3277 798 2606 1847 639 4280 1673 2087 268 9711 2486 520 7967 692 547 4680 3366 4037
28 2182 5846 736 4926 5945 5368 1770 8812 4900 8511 38 1585 3415 3377 700 7673 8702 3222 438 2861 4772 9539 8788 4615 5548 9438 4419 2518
29 4760 994 2152 9891 9382 9708 5351 9795 9851 1242 1516 9127 2610 2314 7696 4312 9011 1403 5186 2639 1335 2002 3613 1005 9034 7463 4274 2814 2406
30 445 3665 2000 69 6351 6520 5201 8488 5084 7671 2513 7939 8899 9434 3382 5718 9098 7889 744 4399 347 7548 1208 9945 7602 7991 5678 3901 4712 7456
29 7828 5939 5908 4327 9273 158 4858 5587 4025 5403 5036 2948 7877 4425 8842 9390 2757 9999 9528 4826 1296 5961 5190 6769 2264 4532 6821 265 722
27 3236 8835 4660 7798 8162 6554 8050 9078 4325 6256 5592 5768 2589 6208 2527 4496 5628 8537 4301 1090 7303 2199 8112 5196 6397 4540 5392
26 9282 3533 8400 6374 2036 8865 3858 3185 7304 4941 6098 9160 7035 6166 4656 6712 8198 7372 118 9176 8690 7647 4682 145 3769 5987
30 9925 698 5113 3462 2535 9773 2608 2331 1810 5976 5601 642 6025 6508 4199 1664 2951 4470 8866 9016 9746 6070 3133 5657 1576 6929 3668 1027 3285 9307
29 4473 2090 3656 7191 3992 289 1131 8679 3100 2989 9835 3431 4892 6701 7146 3674 379 7999 8429 8703 8735 9259 828 5515 7413 575 4643 8479 7234
28 5798 3628 7496 8052 462 15 4795 6205 4938 7784 3743 2808 8844 8639 7344 6895 1832 7500 8491 6314 5745 3358 5558 5819 6704 5092 5021 8194
28 9215 7216 9236 4480 6444 2992 9665 9753 4004 5133 886 5699 2408 6471 3514 5565 2697 8082 7632 9088 8091 8065 3498 6141 2866 8776 8771 8307
29 6669 726 3149 4607 215 8711 6128 106 6675 2286 5964 310 4132 1721 4157 6134 1918 6326 6792 774 1343 9331 316 5599 5615 9476 3345 4956 9914
29 2993 8447 6623 7161 2201 7259 6616 1174 5969 1971 2931 8943 4284 8390 3054 66 2740 1950 7635 4439 7786 5363 3002 1869 6832 9778 8585 1268 8311
27 7995 1196 5462 4034 9719 3091 174 7931 5366 2062 2780 8446 6591 6540 4240 1 7103 1426 9125 4073 2421 2302 1594 7810 5780 7424 4821
27 6845 4796 3051 1442 3380 7572 5353 8263 5821 3229 6707 8507 4986 557 6048 2245 5464 500 8403 7749 1455 2987 3351 6867 8011 2969 3021
28 1472 846 5564 5349 1890 6322 6727 6522 8389 3167 1849 7906 3020 1147 32 984 8295 2231 5957 9597 4606 5004 543 2796 5386 9774 6240 1298
26 9155 6578 6402 4386 7679 6341 6994 3770 8206 4223 7830 2743 7953 5646 7155 2660 1806 1394 7565 3591 6139 455 2627 7726 5736 2296
29 3256 1424 450 2599 2906 2137 9302 3871 4630 8289 3336 1548 6310 3926 3132 6624 2256 297 1640 6232 8397 9265 6101 2025 8306 860 9383 3829 8670
27 3145 9538 5721 8745 7867 4227 2346 1342 6559 6515 7925 7267 3849 7346 5114 4538 8133 481 3714 6468 6109 8485 1878 7770 7951 3279 8351
28 993 6425 1140 9606 3177 8418 1593 3558 5146 615 6586 4869 5611 6878 2666 1783 6977 4191 3621 9801 1334 8467 7055 7342 6415 4699 6142 1651
29 9340 8440 2604 6459 979 930 4358 1802 1427 4857 4021 8604 1929 3944 270 388 8217 9998 9518 6558 1775 4810 6560 2328 415 2959 3062 2587 3595
30 558 7918 1670 3350 3139 5051 7087 8831 4048 6300 6344 5311 7059 2121 4602 2982 2753 5187 2379 3378 9807 4211 2471 7659 6 8736 8077 3074 3403 9958
29 2452 6931 6819 8872 9980 5058 2337 7405 3675 9056 9575 5137 8686 2903 7831 6841 3837 4010 8997 4972 7085 8951 8188 442 1474 2904 5717 1778 3227
29 671 2202 271 8547 6815 3731 956 243 4929 9976 4127 1319 2004 4160 1063 9830 6628 9156 9985 8312 4709 9479 5180 6076 5261 6311 7926 362 9600
27 4661 9248 5938 9128 8204 6242 6411 7441 420 5523 8652 1723 5347 9068 664 3897 9021 2321 2662 6004 9245 5932 4908 566 3197 119 98
28 4616 5608 6046 4311 6313 9489 8798 4454 4388 833 9821 5913 4546 2893 7044 8529 6963 1732 3945 7825 1077 3626 7480 7595 3988 9003 3872 9558
29 2636 5008 1491 7552 5400 6822 8320 5850 2194 6567 7037 9793 7056 603 5716 5356 3418 8847 4143 6682 2277 7657 6489 4038 3661 1943 467 5002 1177
29 7822 534 5156 3735 4834 8462 5759 7317 5769 7664 8089 9072 4749 2171 30 5827 56 6689 7357 2827 5165 4445 1110 3995 3727 9698 1801 4767 4644
28 395 4392 89 6961 2747 5210 5637 8377 8486 9260 6033 8552 5438 5720 5971 4693 4596 6058 763 5722 2317 7619 197 9576 2706 5372 946 9154
28 8407 1896 8481 9956 5460 8937 385 4134 8469 1096 9012 2184 6665 1146 1070 8288 9596 2521 2362 5891 4932 8326 2454 1449 6052 4674 2952 7887
29 9872 476 3575 8733 5423 3722 9864 888 5277 5659 4921 3563 331 9736 4776 5978 8210 3193 1213 9783 3999 3497 6801 9903 4905 4291 7900 3381 4625
28 6190 612 7380 2573 4976 5229 33 3904 8274 9317 569 5106 394 7242 2546 4112 1858 5498 7127 9512 1696 542 8160 2360 7094 4735 6496 8879
28 2823 9498 4507 2252 7603 4314 7691 4452 9436 7875 4687 1172 5691 861 1667 7853 2219 9553 2453 6193 5623 423 6661 1454 3196 6068 2985 711
29 5552 2496 8969 1772 2966 813 8285 9350 6473 3481 9970 9089 9855 249 8436 3180 999 9776 4742 46 8069 1019 1500 3841 8043 439 2441 8240 2155
27 1753 8125 6168 663 5307 8790 3427 9658 363 5578 5811 7949 6291 751 4335 7834 5212 3549 853 3933 5824 7977 8672 480 3931 4775 5065
28 6638 7096 4996 5895 3671 7719 3151 1167 3912 2320 6918 2412 9309 7112 8124 3067 9427 5393 4023 5099 6031 1155 9789 4741 6717 4346 6271 5470
29 8595 6785 8513 2042 627 5126 4221 3745 1610 5384 3546 545 1244 7663 5220 8355 14 8029 6249 508 8580 8064 6080 8706 2812 5711 5849 8132 6804
29 2652 7720 5917 5483 8445 3049 9184 2499 8680 9883 2629 686 2900 4074 4128 4424 3574 9647 1471 8098 433 9146 8739 1930 509 3148 8619 9404 8636
27 3233 6001 5886 4535 6177 238 9467 4550 5570 8493 9375 3191 6763 6174 475 9050 2425 3276 2208 2688 5663 9377 9886 8117 1967 2349 3876
28 3902 6152 9492 8841 2633 1794 8958 6295 7993 597 4140 7531 5847 9448 7924 6953 7189 9922 1230 7571 3032 2875 1857 2063 77 5650 371 7533
28 601 9957 8565 7699 2358 8417 2774 3654 8123 6263 3484 8189 6809 8915 5842 1567 2309 9928 2580 1065 8557 7933 8045 7125 2776 5621 503 8618
27 8315 8386 2482 9735 6912 1521 3203 437 1248 6225 1292 3456 1642 9060 7757 2593 6725 7573 7160 1528 5992 5589 9953 251 7968 2850 6121
28 9742 2795 9732 9073 304 8594 9315 8828 1032 1647 6976 1489 5073 1504 6594 5484 3325 5986 8208 7940 6855 9364 6887 2976 240 4552 2968 447
28 9284 7574 7611 1926 7482 3847 1917 7680 8309 9090 1988 5689 2354 3446 3920 1571 1346 5554 4886 1384 284 3483 2285 6943 6305 578 1212 3399
29 9211 6687 9227 850 1448 5714 3090 4251 1549 2183 1688 5963 7404 7104 9996 3978 8867 3231 6967 348 2081 8521 4362 2732 1281 641 9071 9015 1635
27 8090 6683 9787 7976 2218 6221 6538 5935 525 1622 1444 567 9458 5093 604 5026 1848 5773 2112 2641 4620 7897 787 6972 7789 7322 85
27 7609 188 1809 4186 5797 6826 5556 980 8025 4782 2382 8278 1498 5804 5622 2568 2899 8444 9009 8806 8079 4155 6534 9679 3985 8092 7559
31 1466 1038 4088 6258 1325 3680 3667 3281 5760 6230 4958 9500 2502 6018 6915 3889 8223 2387 6621 5236 7447 1733 7211 723 7101 9065 7542 9113 8270 6587 6835