3 221 53 219
3 216 174 199
3 167 96 20
4 0 188 35 2
4 234 39 124 169
3 36 277 112
3 180 29 238
3 33 241 292
3 179 214 265
3 65 230 205
3 116 102 264
3 296 32 255
3 168 281 16
3 54 146 250
3 34 128 196
3 108 282 51
3 85 204 115
3 275 40 78
3 87 244 106
3 41 217 12
3 184 172 223
3 164 28 266
3 249 121 155
3 99 284 31
3 212 158 280
3 110 239 141
3 88 122 289
3 75 185 154
3 103 14 152
3 80 82 182
3 72 202 59
3 4 64 55
3 8 157 67
3 7 222 242
3 294 68 142
3 148 111 100
3 134 271 256
3 162 236 30
3 259 170 297
3 159 209 43
3 286 50 145
3 246 26 192
3 299 254 104
3 203 3 71
3 24 295 228
3 133 207 215
3 210 268 176
3 62 11 229
3 161 243 262
3 127 27 252
3 13 86 66
3 260 89 272
3 276 298 233
3 136 258 97
3 220 61 17
3 92 163 120
3 95 177 126
3 58 253 206
3 137 109 251
3 290 117 47
3 227 160 231
3 193 191 288
3 15 195 279
3 218 197 1
3 273 73 37
3 150 190 123
3 285 93 69
3 225 140 240
3 107 23 194
3 74 6 270
3 144 48 189
3 56 237 143
3 105 22 186
3 18 269 94
3 171 114 46
3 187 76 293
3 263 147 135
3 38 90 208
2 63 83
3 125 25 77
3 156 70 153
3 261 283 178
3 60 42 173
3 200 235 49
3 57 118 278
3 19 131 274
3 198 10 247
3 213 291 165
3 267 201 9
3 44 101 84
3 129 119 257
3 79 138 130
3 245 139 151
3 226 248 149
3 21 5 52
3 113 287 183
3 224 81 132
3 91 98 175
2 232 181
3 166 45 211